8.961288928985596 133
20678232
240 180 10
1 100 29907
90 120
------------------------------------------------------------------------------------------------------------------------------------------------------------------------------------
------------------------------------------------------------------------------------------------------------------------------------------------------------------------------------
------------------------------------------------------------------------------------------------------------------------------------------------------------------------------------
------------------------------------------------------------------------------------------------------------------------------------------------------------------------------------
------------------------------------------------------------------------------------------------------------------------------------------------------------------------------------
------------------------------------------------------------------------------------------------------------------------------------------------------------------------------------
------------------------------------------------------------------------------------------------------------------------------------------------------------------------------------
------------------------------------------------------------------------------------------------------------------------------------------------------------------------------------
------------------------------------------------------------------------------------------------------------------------------------------------------------------------------------
------------------------------------------------------------------------------------------------------------------------------------------------------------------------------------
------------------------------------------------------------------------------------------------------------------------------------------------------------------------------------
------------------------------------------------------------------------------------------------------------------------------------------------------------------------------------
------------------------------------------------------------------------------------------------------------------------------------------------------------------------------------
------------------------------------------------------------------------------------------------------------------------------------------------------------------------------------
------------------------------------------------------------------------------------------------------------------------------------------------------------------------------------
------------------------------------------------------------------------------------------------------------------------------------------------------------------------------------
------------------------------------------------------------------------------------------------------------------------------------------------------------------------------------
------------------------------------------------------------------------------------------------------------------------------------------------------------------------------------
------------------------------------------------------------------------------------------------------------------------------------------------------------------------------------
------------------------------------------------------------------------------------------------------------------------------------------------------------------------------------
-----------------------------------------################################################################################################-------------------------------------------
-----------------------------------------################################################################################################-------------------------------------------
-----------------------------------------################################################################################################-------------------------------------------
-----------------------------------------#..............................................................................................#-------------------------------------------
-----------------------------------------#..............................................................................................#-------------------------------------------
----------------------------------------##.................................rooooooo.....................................................##------------------------------------------
----------------------------------------##.........................................o....................................................##------------------------------------------
----------------------------------------##..........................................o...................................................##------------------------------------------
----------------------------------------##...........................................o..................................................##------------------------------------------
----------------------------------------##..roo.......................................o.................................................##------------------------------------------
----------------------------------------##.....o.......................................o......................r.........................##------------------------------------------
----------------------------------------#.......o.......................................r.....................o..........................#------------------------------------------
---------------------------------------##........r......................................o.....................o..........................#------------------------------------------
---------------------------------------##........oooooor...ro..........r.................o....................o..........................##-----------------------------------------
---------------------------------------##........o...........o........o...................o...................o........................r.##-----------------------------------------
---------------------------------------#.........o............r......o.o...................o.................o.........................o.##-----------------------------------------
--------------------------------------##.........o............o.....o...o...................o...............o..........................o..#-----------------------------------------
--------------------------------------##.........o............o....o....r....................o.............o...........................o..##----------------------------------------
--------------------------------------##.........o............o...o...........................o....r......o............................o..##----------------------------------------
-------------------------------------##..r.......o..###########o#o#############################o###o#####o###################o.........o...##---------------------------------------
-------------------------------------##..o.......o..############o###############################o#o#####o###################o#o........o...##---------------------------------------
------------------------------------###...o......o...............oooooooooor.....................o.....o.r.................o...o.......o...##---------------------------------------
------------------------------------##.....o.....o..............r...........o.....................o...o...................o.....o......r....##--------------------------------------
------------------------------------##......o....oooor..........o...........o......................o.o.................roo.......o.....o....##--------------------------------------
-----------------------------------##........o...o..............o...........o.......................o.............................o...o......##-------------------------------------
----------------------------------###.........o.o...............o...........o......................o.o.............................o.o.......###------------------------------------
---------------------------------###...........o...............o.o..........r.....................o...o.............................r.........##------------------------------------
---------------------------------##...........o...............o...o.....................r........o.....o............................o.........###-----------------------------------
--------------------------------###..........o...............o.....o....................o.......o.......o...........................o..........###----------------------------------
-------------------------------###..........o...............o.o....r....................o......o.........r..........................o...........###---------------------------------
-----------------------------####..........o...............o...o........................r.....r.....................................o............###--------------------------------
----------------------------####..........o...............o....r.........................o...o......................................o.............####------------------------------
-------------------------######..........o...............o................................o.o.......................................o..............######---------------------------
----------------------########..........r...............o..................................o........................................o...............########------------------------
----------------------######.rooooooooooo..............o..................................o.o.......................................o.................######------------------------
----------------------##.....o...o.......o............r......................r...........o...o.....................................o.o..............r.....##------------------------
----------------------##.....r...r........o...........o.......................o.........o.....o.............................r.....o...o.............o.....##------------------------
----------------------##...................o.........o.........................o.......o.......o...........................r.o...o.....o...........o......##------------------------
----------------------##....................o.......o...........................o.....o.........o.............................o.o.......o.........o.......##------------------------
----------------------##.....................o#####o#############################o#..o...........o#############################o#######..o.......o........##------------------------
----------------------##.....................#o###o###############################o.o............#o###########################o########...o.....o.........##------------------------
----------------------##.....................#.o.or...............................#o.............#.o.........................o........#....o...o..........##------------------------
----------------------##.....................#o.o..............r..................o.o............#..o.......................o.........#.....o.o...........##------------------------
----------------------##.....................o...o.............o.................o#..o...........#...o.....................o..........#......o............##------------------------
----------------------##....roooor..........o#....o...........o.................o.#...o..........#....o...................o...........#.......o...........##------------------------
----------------------##.........o.........r.#.....o.........o.................o..#....o.........#.....o.................r............#........o..........##------------------------
----------------------##..........o.......o..#......o.......o................ro...#.....r........#......o.............................#.........r.........##------------------------
----------------------##...........o.....o...#.......o.....o.................o....#......o.......#.......o............................#........o..........##------------------------
----------------------##............o...o....#........o...o.................o.....#.......o......#........o.........................r.#.......o...........##------------------------
----------------------##.............o.o.....#.........o.o.................o......#........ooor..#........r..........................o#......o............##------------------------
----------------------##..............o......#..........o.................o.......#..............#....................................o.....o.............##------------------------
----------------------##.............o.......#...........o...............o........#..............#....................................#o...or.............##------------------------
----------------------##............o........#............o.............o.........#..............#....................................#.o.o...............##------------------------
----------------------##.........r.o.........#...........o.o...........o..........#..............#..........................r.........#..o................##------------------------
----------------------##..........o..........#..........o..ro.........o...........#..............#..........................o.........#.o.................##------------------------
----------------------##....roooooo..........#.........o..r..o.......o............#..............#.........................o..........#o.o................##------------------------
----------------------##...o.................#........o.......o.....o.............#..............#.............roooo......o...........o...o...............##------------------------
----------------------##..o..................#.......o.........o...o..............#..............#..................r....o...........o#....o..............##------------------------
----------------------##..o..................#......o...........o.o...............#..............#..................o...o...........o.#.....o.............##------------------------
----------------------##..o..................#.....o.............o................#..............#...................o.o...........o..#......o............##------------------------
----------------------##..o..................#....o...............o...............#..............#....................o...........o...#.......o...........##------------------------
----------------------##..o..................#...o.................o..............#..............#.....................o.........o....#........r..........##------------------------
----------------------##..o..................#..o...................o.............#..............#......................o.......o.o...#...................##------------------------
----------------------##..r..................#.o.....................o............#..............#.......................o.....o...o..#...................##------------------------
----------------------##.....................#.r......................o...........#..............#........................o..ro.....o.#...................##------------------------
----------------------##.....................#o........................o..........#..............#.r.......................o.o.......o#...................##------------------------
----------------------##.....................o..........................o..r......#......r.......#.o........................o.........o...................##------------------------
----------------------##....................o#...........................o.o......#......o.......#..o......................o..........#o..................##------------------------
----------------------##...............roooo.#............................o.......#....ro........#...o....................o...........#.o.................##------------------------
----------------------##.....................#.............................o......#....o.........#....o..................o............#..o....r...........##------------------------
----------------------##.....................#..............................o.....#...o..........#.....o.......r......................#...o...o...........##------------------------
----------------------##.....................#...............................o....#..o...........#......o.....o........o..............#....o.o............##------------------------
----------------------##.....................#................................o...#.o............#.......o...o........o...............#.....o.............##------------------------
----------------------##.....................#.................................o..#o.............#........o.o........o................#......o............##------------------------
----------------------##.....................#..................................o.o..............#.........r........o.................#.......o...oor.....##------------------------
----------------------##.....................#...................................o#..............#.........o.......o..................#........o.o........##------------------------
----------------------##.....................#....................................o..............#..........o.....o...................#.........r.........##------------------------
----------------------##.....................#....................................#o.............#...........o...o....................#...................##------------------------
----------------------##.....................#....................................#.o............#............o.o.....................#...................##------------------------
----------------------##.....................#....................................#..o...........#.............o......................#...................##------------------------
----------------------##.....................#....................................#...o..........#............o.......................#...................##------------------------
----------------------##.....................#....................................#....o.........#...........o........................#...................##------------------------
----------------------##.....................#.........r..........................#.....o........#..........o.........................#...................##------------------------
----------------------##.....r...............#.........o..........................#......o.......#.........o..........................#...................##------------------------
----------------------##.....o...............##########o###########################.......o......#########o#o##########################...................##------------------------
----------------------##.....ooooooooor......##########o###########################.......ro.....########o###o#########################...................##------------------------
----------------------##.....o.........................o....................................o...........o.o...o...........................................##------------------------
----------------------##.....o.........................o.....................................o.........o...o...o..........................................##------------------------
----------------------##.....o.........................o......................................o.......o....r....o.........................................##------------------------
----------------------##.....o.........................o.......................................o.....o...........o........................................##------------------------
----------------------##.....o.........................o........................................o...o.............o.......................................##------------------------
----------------------##.....o.........................o.........................................o.o...............o......................................##------------------------
----------------------##.....o.........................o..........................................o.................o.................r...................##------------------------
----------------------##.....o..........................r........................................o...................o................o...................##------------------------
----------------------##.....o..........................o.................roooooooooooooooooooooo....................r...............o....................##------------------------
----------------------##......o..........................o............r..o.......................o....................o.............o.o...................##------------------------
----------------------##.......o..........................o...........o.o.........................o....................or..........o..r...................##------------------------
----------------------##........o..........................o...........o...........................o....................o.........o.......................##------------------------
----------------------##.........o..........................o.........o.o...........................o....................o.......o........................##------------------------
----------------------##..........r..........................o.......o...o...........................o....................o.....o.o.......................##------------------------
----------------------##..........o...........................o.....o.....o...........................o....................o...o...o......................##------------------------
----------------------##...........o...........................o...o.......o...........................o....................o.o.....o.....................##------------------------
----------------------##............o...........................o.o.........o...........................o....................o.......r....................##------------------------
----------------------##.............o.......####################o###########o#####..............########o####################o########...................##------------------------
----------------------##..............o......###################o#############o####..............#######o#o####################o#######...................##------------------------
----------------------##...............o.....##################o###############o###..............######o###o####################o######...................##------------------------
----------------------##................o....#................o.................r.#..............#....o.....o....................o....#r..................##------------------------
----------------------##.................o...#...............o.o..................#..............#...o.......o........ro........o.o...o....r..............##------------------------
----------------------##..................o..#..............o...o.................#..............#..o........o..........o......o...o.o#....o..............##------------------------
----------------------##...................o.#.............o.....o................#..........o...#.o.........o...........o....o.....o.#....o..............##------------------------
----------------------##....................o#............o.......o...............#.........roooooo..........o............o..o.......o#....r..............##------------------------
----------------------##.....................o...........o.........o..............#..............#...........o.............ro.........o...o...............##------------------------
----------------------##.....................#o.........o...........o.............#..............#...........o.............o.........o#o.o................##------------------------
----------------------##.....................#.o.......o.............o............#..............#...........o............o.........r.#.o.................##------------------------
----------------------##.....................#..o.....o...............o...........#..............#...........ooor........o............#..o................##------------------------
----------------------##.....................#...o...o.................o..........#..............#...........o..........r.............#...o...............##------------------------
----------------------##.....................#....o.o...................o.........#..............#...........o...........o............#....o..............##------------------------
----------------------##.....................#.....o.....................o........#..............#...........o............o...........#.....o.............##------------------------
----------------------##.....................#....o......................r........#..............#...........o.............o..........#......o............##------------------------
----------------------##.....................#...o......................r.o.......#..............#...........o..............o.........#.......o...........##------------------------
----------------------##.................r...#..o.........................o.......#..............#...........o..............o.........#........o..........##------------------------
----------------------##..........r......o...#.o..........................o.......#..............#...........o..............o.........#.........o.........##------------------------
----------------------##..........o....ro.o..#o...........................o.......#.r............#...roooooooo..............o.........#.........o.........##------------------------
----------------------##...........o.......o.o............................o.......#.o............#...........o..............o.........#.........o.........##------------------------
----------------------##............o.......o#............................o.......#..o...........#...........o..............o.........#.........o.........##------------------------
----------------------##.............o.....o.#............................o.......#...r..........#...........o..............o.........#.........r.........##------------------------
----------------------##..............o...o..#............................o.......#...o..........#...........o..............o.........#........o..........##------------------------
----------------------##...............o.o.o.#...............r............r.......#..ro..........#...........o..............o.........#........o..........##------------------------
----------------------##................o...o#..............o..............o......#...o..........#...........o..............o.........#........o..........##------------------------
----------------------##...............o.....o.............o................oooor.#...ooooor.....#...........o..............r.........#........o..........##------------------------
----------------------##..............o......#o...........o.......................#...o..........#...........oooor....................#........o..........##------------------------
----------------------##.............o.......#.o.........o........................#...o..........#...........o........................#........o..........##------------------------
----------------------##............o........#..o.......o.........................#...o..........#...........o........................#........o..........##------------------------
----------------------##...........o.........#...o.....o..........................#...o..........#...........o........................#........o..........##------------------------
----------------------##..........o..........#..o.or..o...........................#...o..........#...........o........................#........oooor......##------------------------
----------------------##..........o..........#.o...o.o............................#...o..........#...........o........................#........o..........##------------------------
----------------------##.....rooooo..........#.r....o.............................#..o.o.........#...........ororor...................#........o..........##------------------------
----------------------##..........o..........#.......o...................rooooooooooo...o........#...........o........................#........r..........##------------------------
----------------------##..........o..........#........o...........................#......o.......#...........o........................#...................##------------------------
----------------------##..........o..........#.........r..........................#.......rooooooooooooooooooo........................#...................##------------------------
----------------------##..........o..........#....................................#......o.......#o..........o........................#...................##------------------------
----------------------##..........oo.........#....................................#.....o........#o..........o........................#...................##------------------------
----------------------##..........o..........#....................................#.....o........#o..........o........................#...................##------------------------
----------------------##..........o..........#....................................#.....o........#o..........o........................#...................##------------------------
----------------------##..........o..........#....................................#.....o........#o..........o........................#...................##------------------------
----------------------##....roooooo..........#....................................#.....o........#o..........o........................#...................##------------------------
----------------------##....r.....o..........#.........roo........................#.....o........#o..........o.....................r..#...................##------------------------
----------------------##..........o..........#............o.......................#.....o........#o..........o.....................o..#...................##------------------------
----------------------##..........o..........#.............r......................#.....o........#r..........o.....................o..#...................##------------------------
----------------------##..........o..........##############o#######################.....o........############o#####################o###...................##------------------------
----------------------##..........o..........##############o#######################.....o........############o#####################o###...................##------------------------
----------------------##..........o.......................o.............................o...................ro.....................o......................##------------------------
----------------------##..........r......................o..............................or...................o.....................o......................##------------------------
----------------------##.........o......................o..............................o.....................o................rooooo......................##------------------------
----------------------##........o......................r..............................o......................o...............o.....o...r..................##------------------------
----------------------##.......o.......................oo............................o.......................o..............o.......o.o...................##------------------------
----------------------##......o........................o............................o........................o.........roooo.........o....................##------------------------
----------------------##.....o.........................o...........r...............o.........................o........................o...................##------------------------
----------------------##....o..........................o...........o..............o..........................o.........................o..................##------------------------
----------------------##...o...........................o...........o.............o...........................o..........................o.................##------------------------
----------------------##..o............................o............o...........o............................o...........................o................##------------------------
----------------------##..o............................o.............o.........o.............................r............................o...............##------------------------
----------------------##..r.............................o.............o.......o.............................o.o............................o..............##------------------------
----------------------###..............................o.o.............o.....o.............................o...o..........................o.............####------------------------
----------------------######...........................r..o.............o...o.............................o.....o........................o............######------------------------
----------------------########.............................o.............r..o...............rooooooooooooo.......o......................o...........#######-------------------------
--------------------------#####.............................o............o..o.....................................o....................o...........#####----------------------------
----------------------------####.............................o...........o..r......................................o..................o..........####-------------------------------
------------------------------###.............................oooooooooooooo.o......................................ooooooooooooooooor..........####--------------------------------
-------------------------------###...........................o.....r..........o....................................o................o...........###---------------------------------
--------------------------------###...r.....................o..................o..................................o.................o..........###----------------------------------
---------------------------------###..o....................o....................o................................o..................o.........###-----------------------------------
----------------------------------##..o.............######o######################o##############################o#############......o.........##------------------------------------
----------------------------------###.o.............#####o######################o#o############################o##############......ooor.....##-------------------------------------
-----------------------------------##.o.................o......................o...o...........................o....................o........##-------------------------------------
------------------------------------##o................o......................o.....o..........................o....................o.......##--------------------------------------
------------------------------------##o..............ro......................o.......o.........................o....................o.......##--------------------------------------
-------------------------------------##o.............o......................o.........o........................o....................o......##---------------------------------------
-------------------------------------##.o...........o......................o...........o.......................o....................o......##---------------------------------------
-------------------------------------##..o.r.......o......................o.............o......................o....................o.....##----------------------------------------
--------------------------------------##..o.......o......................o...............o.....................r....................o....r##----------------------------------------
--------------------------------------##...r.....o......................o.................o.........................................o...o.##----------------------------------------
---------------------------------------#....o...o......................o...................o........................................o..o..#-----------------------------------------
---------------------------------------##....o.o......................o.....................o...........r...........................o.o..##-----------------------------------------
---------------------------------------##.....o......................o.......................or.........o............................o...##-----------------------------------------
---------------------------------------##....o.......................r......................o..o.......o..............................o..##-----------------------------------------
---------------------------------------##...o.......................o......................o....o.....o...............................o..#------------------------------------------
----------------------------------------#..o.....................r.o......................o......o...o................................o..#------------------------------------------
----------------------------------------##.o......................o......................o........o.or................................o.##------------------------------------------
----------------------------------------##.o.....................o......................o..........o..................................o.##------------------------------------------
----------------------------------------##.o....................o......................o............o.................................o.##------------------------------------------
----------------------------------------##.o...................o......................r.............o.................................o.##------------------------------------------
----------------------------------------##.o..................o....................roo..............o.................................o.##------------------------------------------
----------------------------------------##.o..................o.....................................o.................................o.##------------------------------------------
-----------------------------------------#.r..................o.....................................oooooooooooor.....................r.#-------------------------------------------
-----------------------------------------#.................roor.....................................r...................................#-------------------------------------------
-----------------------------------------################################################################################################-------------------------------------------
-----------------------------------------################################################################################################-------------------------------------------
-----------------------------------------################################################################################################-------------------------------------------
------------------------------------------------------------------------------------------------------------------------------------------------------------------------------------
------------------------------------------------------------------------------------------------------------------------------------------------------------------------------------
------------------------------------------------------------------------------------------------------------------------------------------------------------------------------------
------------------------------------------------------------------------------------------------------------------------------------------------------------------------------------
------------------------------------------------------------------------------------------------------------------------------------------------------------------------------------
------------------------------------------------------------------------------------------------------------------------------------------------------------------------------------
------------------------------------------------------------------------------------------------------------------------------------------------------------------------------------
------------------------------------------------------------------------------------------------------------------------------------------------------------------------------------
------------------------------------------------------------------------------------------------------------------------------------------------------------------------------------
------------------------------------------------------------------------------------------------------------------------------------------------------------------------------------
------------------------------------------------------------------------------------------------------------------------------------------------------------------------------------
------------------------------------------------------------------------------------------------------------------------------------------------------------------------------------
------------------------------------------------------------------------------------------------------------------------------------------------------------------------------------
------------------------------------------------------------------------------------------------------------------------------------------------------------------------------------
------------------------------------------------------------------------------------------------------------------------------------------------------------------------------------
------------------------------------------------------------------------------------------------------------------------------------------------------------------------------------
------------------------------------------------------------------------------------------------------------------------------------------------------------------------------------
------------------------------------------------------------------------------------------------------------------------------------------------------------------------------------
------------------------------------------------------------------------------------------------------------------------------------------------------------------------------------
------------------------------------------------------------------------------------------------------------------------------------------------------------------------------------
------------------------------------------------------------------------------------------------------------------------------------------------------------------------------------
