5.755321979522705 1
18649915
240 180 10
1 100 29907
90 120
------------------------------------------------------------------------------------------------------------------------------------------------------------------------------------
------------------------------------------------------------------------------------------------------------------------------------------------------------------------------------
------------------------------------------------------------------------------------------------------------------------------------------------------------------------------------
------------------------------------------------------------------------------------------------------------------------------------------------------------------------------------
------------------------------------------------------------------------------------------------------------------------------------------------------------------------------------
------------------------------------------------------------------------------------------------------------------------------------------------------------------------------------
------------------------------------------------------------------------------------------------------------------------------------------------------------------------------------
------------------------------------------------------------------------------------------------------------------------------------------------------------------------------------
------------------------------------------------------------------------------------------------------------------------------------------------------------------------------------
------------------------------------------------------------------------------------------------------------------------------------------------------------------------------------
------------------------------------------------------------------------------------------------------------------------------------------------------------------------------------
------------------------------------------------------------------------------------------------------------------------------------------------------------------------------------
------------------------------------------------------------------------------------------------------------------------------------------------------------------------------------
------------------------------------------------------------------------------------------------------------------------------------------------------------------------------------
------------------------------------------------------------------------------------------------------------------------------------------------------------------------------------
------------------------------------------------------------------------------------------------------------------------------------------------------------------------------------
------------------------------------------------------------------------------------------------------------------------------------------------------------------------------------
------------------------------------------------------------------------------------------------------------------------------------------------------------------------------------
------------------------------------------------------------------------------------------------------------------------------------------------------------------------------------
------------------------------------------------------------------------------------------------------------------------------------------------------------------------------------
-----------------------------------------################################################################################################-------------------------------------------
-----------------------------------------################################################################################################-------------------------------------------
-----------------------------------------################################################################################################-------------------------------------------
-----------------------------------------#.......................................................r......................................#-------------------------------------------
-----------------------------------------#.......................................................o......................................#-------------------------------------------
----------------------------------------##.......................................................o......................................##------------------------------------------
----------------------------------------##.......................................................o......................................##------------------------------------------
----------------------------------------##........r..............................................o......................................##------------------------------------------
----------------------------------------##........o..............................................o................................r.....##------------------------------------------
----------------------------------------##........o..............................................o................................o.....##------------------------------------------
----------------------------------------##........o...................................r..........o................................o.....##------------------------------------------
----------------------------------------#.........o...................................o..........o................................o......#------------------------------------------
---------------------------------------##.........o...................................o..........o................................o......#------------------------------------------
---------------------------------------##.........o...................................o..........o................................o......##-----------------------------------------
---------------------------------------##.........o...................................ooooooooooooooor............................o......##-----------------------------------------
---------------------------------------#..........o...................................o...............o...........................o......##-----------------------------------------
--------------------------------------##..........o...................................o................ooooooooooor...............o.......#-----------------------------------------
--------------------------------------##..........o...................................o...........................................o.......##----------------------------------------
--------------------------------------##.........o....................................o...........................................o.......##----------------------------------------
-------------------------------------##.........o...##################################o#######################################....ooor.....##---------------------------------------
-------------------------------------##........o....##################################o#######################################....o........##---------------------------------------
------------------------------------###.......o.......................................o...........................................o........##---------------------------------------
------------------------------------##.......r........................................o...........................................o.........##--------------------------------------
------------------------------------##.......o.......................................o............................................o.........##--------------------------------------
-----------------------------------##........o......................................o.............................................o..........##-------------------------------------
----------------------------------###........o.....................................o..............................................o..........###------------------------------------
---------------------------------###.........o....................................o...............................................o...........##------------------------------------
---------------------------------##..........o...................................o................................................o...........###-----------------------------------
--------------------------------###.........o...................................o................................................o.............###----------------------------------
-------------------------------###.........o...................................o................................................o...............###---------------------------------
-----------------------------####.........o.........................roooooooooo................................................r.................###--------------------------------
----------------------------####.........o.........................o...........o........................r......................o..................####------------------------------
-------------------------######.........o.........................o.............o.......................o.......................o..................######---------------------------
----------------------########.........o.........................o...............o......................o......................o.o..................########------------------------
----------------------######..........o.........................o.................o.....................o.....................o...o................r..######------------------------
----------------------##.............o.........................o...................o....................o..........r.........o.....o...............o......##------------------------
----------------------##............o.........................o.....................o...................o...........o.......o.......o.............o.......##------------------------
----------------------##...........o....................r....o.......................o..................o............o.....o.........o...........o........##------------------------
----------------------##..........r.....................o...o.......................o.o................o..............o...o...........o.........o.........##------------------------
----------------------##...........o.........############o#o#######################o...o.........#####o################o#o#############o.......o..........##------------------------
----------------------##............o........#############o#######################o.....o........####o##################o#############o.o.....o...........##------------------------
----------------------##.............o.......#...........o.......................o#......roo.....#..o..................o.............o#..o...o............##------------------------
----------------------##..............o......#..........o.......................o.#.........o....#.r..................o.............o.#...o.o.............##------------------------
----------------------##...............o.....#.........o.o.....................r..#..........o...#.o.................o.............r..#....o..............##------------------------
----------------------##................o....#........o...o.......................#...........o..#o..................r................#.....o.............##------------------------
----------------------##.................o...#.......o.....o......................#............o.o....................................#......o..r.........##------------------------
----------------------##..................o..#......o.......o.....................#.............o#....................................#.......o.o.........##------------------------
----------------------##...................o.#.....o.........r....................#............o.o....................................#........o..........##------------------------
----------------------##....................o#....o...............................#...........o..#o...................................#.......o...........##------------------------
----------------------##.....................o...o................................#..........o...#.o..................................#......o............##------------------------
----------------------##.....................#o.o.................................#.........o....#..o.................................#.....o.............##------------------------
----------------------##.....................#.o..................................#........o.....#...o................................#....o..............##------------------------
----------------------##.....................#o...................................#.......o......#....o...............................#...o...............##------------------------
----------------------##.....................o.o..................................#......o.......#.....o..r...........................#..o................##------------------------
----------------------##....................o#..o.................................#.....o........#......o.o...........................#.o.................##------------------------
----------------------##...................o.#...o................................#....o.........#.......o............................#o..................##------------------------
----------------------##..........roooooooo..#....o...............................#....r.........#........o...........................o...................##------------------------
----------------------##.....................#.....o..............................#..............#.........o.........................o#...................##------------------------
----------------------##.....................#......o.............................#..............#..........o.......................o.#...................##------------------------
----------------------##.....................#.......o............................#..............#...........o.....................o..#...................##------------------------
----------------------##.....................#......o.o...........................#..............#............o...................o...#...................##------------------------
----------------------##.....................#.....o...o..........................#..............#.............o.................o....#...................##------------------------
----------------------##.....................#....o.....o.........................#..............#............o.o...............o.....#...................##------------------------
----------------------##.....................#...o.......o........................#..............#...........o...o.............o......#...................##------------------------
----------------------##.....................#...r........o.......................#..............#..........o.....o...........o.......#...................##------------------------
----------------------##.....................#.............o......................#..............#.........o.......o.........o........#...................##------------------------
----------------------##.....................#............o.o.....................#..............#........o.........o.......o.........#...................##------------------------
----------------------##.....................#...........o...o....................#..............#.......r...........o.....o..........#...................##------------------------
----------------------##.....................#..........o....r....................#..............#....................o...o...........#...................##------------------------
----------------------##.....................#.........o..........................#..............#...................o.o.o............#...................##------------------------
----------------------##.....................#........o...........................#..............#..................o.................#...................##------------------------
----------------------##.....................#.......o............................#..............#.................o.....o.r..........#...................##------------------------
----------------------##.....................#......o.............................#..............#................o.......o...........#...................##------------------------
----------------------##.....................#.....o..............................#.......r......#...............o.........o..........#...................##------------------------
----------------------##.....................#....o...............................#.......o......#..............o...........o.........#...................##------------------------
----------------------##.....................#...o................................#........o.....#.............o.............o........#...................##------------------------
----------------------##.....................#..r.................................#.........o....#............o...............o.......#.oooooooor.........##------------------------
----------------------##.....................#.o..................................#..........o...#...........o.................o......#o..................##------------------------
----------------------##..................roooo...................................#...........o..#..........o...................o.....o...................##------------------------
----------------------##.....................#....................................#............o.#.........o.....................o...o#...................##------------------------
----------------------##.....................#....................................#.............o#........o.......................o.o.#...................##------------------------
----------------------##.....................#....................................#..............o..r....o.........................o..#...................##------------------------
----------------------##roo..................#....................................#..............#o.o...o..........................o..#...................##------------------------
----------------------##...o.................#....................................#..............#.o...o...........................o..#...................##------------------------
----------------------##....o................######################################..............###o#o############################o###...................##------------------------
----------------------##.....o...............######################################........r.....####o#############################o###...................##------------------------
----------------------##......o.............................................................o.......o..............................o......................##------------------------
----------------------##.......o.............................................................o.....o...............................o......................##------------------------
----------------------##........o.............................................................o...o................................o......................##------------------------
----------------------##.........o.............................................................o.o.................................o......................##------------------------
----------------------##..........o.............................................................o.o................................o......................##------------------------
----------------------##...........r...........................................................o...o.....................roooooooooo......................##------------------------
----------------------##...........o..........................................................o.....o..............................o......................##------------------------
----------------------##...........o.........................................................o.......o.............................o......................##------------------------
----------------------##...........o........................................................o.........o............................o......................##------------------------
----------------------##...........o.......................................................o...........o...........................o......................##------------------------
----------------------##............o...............r...........r.........................o.............o..........................o.................r....##------------------------
----------------------##.............o.............o............o........................r...............r.........................o.................o....##------------------------
----------------------##..............o...........o.............o.......................o..........................................o.................o....##------------------------
----------------------##...............o.........o..............o......................o...........................................o.................o....##------------------------
----------------------##................o.......o...............o.....................o............................................o.................o....##------------------------
----------------------##.................o.....o................o............r.......o.............................................o.................o....##------------------------
----------------------##..................o...o.................o.............o.....o..............................................o.................o....##------------------------
----------------------##...................o.o##################o##############o###o.............##################################o###..............o....##------------------------
----------------------##....................o###################o###############o#o..............##################################o###..............o....##------------------------
----------------------##...................o.o##################o################o#..............##################################o###..............o....##------------------------
----------------------##..................o..#o................o................o.o..............#...................r.............o..#..............o....##------------------------
----------------------##.................o...#.o..............r.................r.#o.............#...................o.............o..#.............o.....##------------------------
----------------------##roooooooo.......o....#..o.............o................o..#.o............#...................o.............o..#............o......##------------------------
----------------------##.........o.....o.....#...o...........o................o...#..o...........#...................o.............o..#...........o.......##------------------------
----------------------##..........o...o......#..r.o.........o................o....#...o..........#...................o.............o..#..........o........##------------------------
----------------------##...........o.o.......#.....o.......o................o.....#....o.........#...................o.............ooooooooooooor.........##------------------------
----------------------##............o........#......o.....o................o......#.....o...oooooooooor..............o.............o..#...................##------------------------
----------------------##............r........#.......o...o................o.......#......o.o.....#....................o............o..#...................##------------------------
----------------------##.....................#........o.o................o........#.......o......#.....................o...........o..#...................##------------------------
----------------------##.....................#.........o................o.........#.......r......#......................o..........o..#...................##------------------------
----------------------##.....................#..........o..............o..........#..............#.......................o.........o..#...................##------------------------
----------------------##.....................#...........o............o...........#..............#........................rooooooooo..#...................##------------------------
----------------------##.....................#............o..........o............#..............#.................................o..#...................##------------------------
----------------------##.....................#.............o........o.............#..............#.................................o..#...................##------------------------
----------------------##.....................#..............rooooooo..............#..............#.................................o..#...................##------------------------
----------------------##.....................#....................................#..............#.................................o..#...................##------------------------
----------------------##.....................#....................................#..............#.................................o..#...................##------------------------
----------------------##.....................#....................................#..............#.................................o..#...................##------------------------
----------------------##.....................#....................................#..............#.................................o..#...................##------------------------
----------------------##.....................#....................................#..............#.................................o..#...................##------------------------
----------------------##.....................#....................................#..............#.................................o..#...................##------------------------
----------------------##.....................#....................................#..............#.................................o..#...................##------------------------
----------------------##.....................#....................................#..............#.................................o..#...................##------------------------
----------------------##.....................#....................................#..............#.......r.........................o..#...................##------------------------
----------------------##.....................#....................................#..............#.......o.........................o..#...................##------------------------
----------------------##.....................#....................................#..............#......o..........................o..#...................##------------------------
----------------------##..........roooooooooo#....................................#..............#.....o...........................o..#...................##------------------------
----------------------##.....................o....................................#..............#....o............................o..#...................##------------------------
----------------------##.....................#o....................r..............#..............#...o.............................o..#...................##------------------------
----------------------##.....................#.o...................o..............#..............#..o..............................o..#...................##------------------------
----------------------##.....................#..o..................o..............#..............#.o...............................o..#...................##------------------------
----------------------##.....................#...o.................o..............#..............#o................................o..#...................##------------------------
----------------------##.....................#....o................o..............#..............o.................................o..#...................##------------------------
----------------------##.....................#.....o...............o...........r..#.............o#..........................rooooooo..#...................##------------------------
----------------------##.....................#......o..............o...........o..#............o.#.................................o..#...................##------------------------
----------------------##.....................#.......rooooooooooooooooooooooooooooooo.........o..#.................................o..#...................##------------------------
----------------------##.....................#.......................o............#..o.......o...#.................................o..#...................##------------------------
----------------------##.....................#.......................o............#...o.....o....#.................................o..#...................##------------------------
----------------------##.....................#.......................o............#....o...o.....#.................................ooooooooooooor.........##------------------------
----------------------##.....................#.......................o............#...o.o.o......#.................................o..#...................##------------------------
----------------------##.....................#.......................o............#..o...o.......#.................................o..#...................##------------------------
----------------------##.....................#.......................o............#.r.....o......#.................................o..#...................##------------------------
----------------------##.....................#.......................o............#........o.....#.................................o..#...................##------------------------
----------------------##.....................########################o#############.........o....##################################o###...................##------------------------
----------------------##.....................########################o#############..........o...##################################o###...................##------------------------
----------------------##.............................................o........................o....................................o......................##------------------------
----------------------##.............................................o.........................o...................................o......................##------------------------
----------------------##....r........................................r..........................o..................................o......................##------------------------
----------------------##....o....................................................................o.................................o......................##------------------------
----------------------##....o.....................................................................o................................o......................##------------------------
----------------------##....o......................................................................o...............................o......................##------------------------
----------------------##....o.....................................................................o.o..............................o......................##------------------------
----------------------##.....o...................................................................o...o.............................o......................##------------------------
----------------------##......o..............................................................r..o.....o............................o......................##------------------------
----------------------##.......o.............................................................o.o.......o...........................o......................##------------------------
----------------------##........o.................................................r...........o.........rooooooooooooooooooooooooooo......................##------------------------
----------------------##.........o.................................................o.........o.............................o.......o......................##------------------------
----------------------###.........o.................................................o.......o..............................o.......o....................####------------------------
----------------------######.......o.................................................o.....o...............................o.......o..................######------------------------
----------------------########......o.................................................o...o................................o.......o................#######-------------------------
--------------------------#####......o.................................................o.o.................................o.......o...............#####----------------------------
----------------------------####......r.................................................o..................................o.......o.............####-------------------------------
------------------------------###.....o...........................oor..................o...................................o.......o............####--------------------------------
-------------------------------###....o..........................o....................o....................................r.......o............###---------------------------------
--------------------------------###...o.........................o....................o.............................................o...........###----------------------------------
---------------------------------###...o.......................o....................o..............................................o..........###-----------------------------------
----------------------------------##....o...........##########o####################o##########################################.....o..........##------------------------------------
----------------------------------###....o..........#########o####################o###########################################.....o.........##-------------------------------------
-----------------------------------##.....o.................r....................o.................................................o.........##-------------------------------------
------------------------------------##.....o................o...................o..................................................o........##--------------------------------------
------------------------------------##......o...............o..................o...................................................o........##--------------------------------------
-------------------------------------##......o..............o.................o............................r.......................r.......##---------------------------------------
-------------------------------------##.......o.............o................o..............................o.....................o........##---------------------------------------
-------------------------------------##........o............o...............o................................o...................o........##----------------------------------------
--------------------------------------##........o...........o..............o..................................o.................o.........##----------------------------------------
--------------------------------------##.........rooooooooooooooooooo.....o.o..................................o...............o..........##----------------------------------------
---------------------------------------#.............................o...o...o..................................o.............o...........#-----------------------------------------
---------------------------------------##.............................o.o.....o..................................o...........o...........##-----------------------------------------
---------------------------------------##..............................r.......o..................................o.........o.o..........##-----------------------------------------
---------------------------------------##..............................o........o..................................o.......o...o.........##-----------------------------------------
---------------------------------------##..............................o.........o..................................o.....o.....o........#------------------------------------------
----------------------------------------#..............................o..........o..................................o...o.......o.......#------------------------------------------
----------------------------------------##.............................o...........o..................................o.o.........o.....##------------------------------------------
----------------------------------------##.............................o............o..................................o..........r.....##------------------------------------------
----------------------------------------##.............................o.............o................................o.................##------------------------------------------
----------------------------------------##.............................o..............r...............................r.................##------------------------------------------
----------------------------------------##.............................o................................................................##------------------------------------------
----------------------------------------##.............................o................................................................##------------------------------------------
-----------------------------------------#.............................o................................................................#-------------------------------------------
-----------------------------------------#.............................r................................................................#-------------------------------------------
-----------------------------------------################################################################################################-------------------------------------------
-----------------------------------------################################################################################################-------------------------------------------
-----------------------------------------################################################################################################-------------------------------------------
------------------------------------------------------------------------------------------------------------------------------------------------------------------------------------
------------------------------------------------------------------------------------------------------------------------------------------------------------------------------------
------------------------------------------------------------------------------------------------------------------------------------------------------------------------------------
------------------------------------------------------------------------------------------------------------------------------------------------------------------------------------
------------------------------------------------------------------------------------------------------------------------------------------------------------------------------------
------------------------------------------------------------------------------------------------------------------------------------------------------------------------------------
------------------------------------------------------------------------------------------------------------------------------------------------------------------------------------
------------------------------------------------------------------------------------------------------------------------------------------------------------------------------------
------------------------------------------------------------------------------------------------------------------------------------------------------------------------------------
------------------------------------------------------------------------------------------------------------------------------------------------------------------------------------
------------------------------------------------------------------------------------------------------------------------------------------------------------------------------------
------------------------------------------------------------------------------------------------------------------------------------------------------------------------------------
------------------------------------------------------------------------------------------------------------------------------------------------------------------------------------
------------------------------------------------------------------------------------------------------------------------------------------------------------------------------------
------------------------------------------------------------------------------------------------------------------------------------------------------------------------------------
------------------------------------------------------------------------------------------------------------------------------------------------------------------------------------
------------------------------------------------------------------------------------------------------------------------------------------------------------------------------------
------------------------------------------------------------------------------------------------------------------------------------------------------------------------------------
------------------------------------------------------------------------------------------------------------------------------------------------------------------------------------
------------------------------------------------------------------------------------------------------------------------------------------------------------------------------------
------------------------------------------------------------------------------------------------------------------------------------------------------------------------------------
