9.336668252944946 112
20401832
240 180 10
1 100 29907
90 120
------------------------------------------------------------------------------------------------------------------------------------------------------------------------------------
------------------------------------------------------------------------------------------------------------------------------------------------------------------------------------
------------------------------------------------------------------------------------------------------------------------------------------------------------------------------------
------------------------------------------------------------------------------------------------------------------------------------------------------------------------------------
------------------------------------------------------------------------------------------------------------------------------------------------------------------------------------
------------------------------------------------------------------------------------------------------------------------------------------------------------------------------------
------------------------------------------------------------------------------------------------------------------------------------------------------------------------------------
------------------------------------------------------------------------------------------------------------------------------------------------------------------------------------
------------------------------------------------------------------------------------------------------------------------------------------------------------------------------------
------------------------------------------------------------------------------------------------------------------------------------------------------------------------------------
------------------------------------------------------------------------------------------------------------------------------------------------------------------------------------
------------------------------------------------------------------------------------------------------------------------------------------------------------------------------------
------------------------------------------------------------------------------------------------------------------------------------------------------------------------------------
------------------------------------------------------------------------------------------------------------------------------------------------------------------------------------
------------------------------------------------------------------------------------------------------------------------------------------------------------------------------------
------------------------------------------------------------------------------------------------------------------------------------------------------------------------------------
------------------------------------------------------------------------------------------------------------------------------------------------------------------------------------
------------------------------------------------------------------------------------------------------------------------------------------------------------------------------------
------------------------------------------------------------------------------------------------------------------------------------------------------------------------------------
------------------------------------------------------------------------------------------------------------------------------------------------------------------------------------
-----------------------------------------################################################################################################-------------------------------------------
-----------------------------------------################################################################################################-------------------------------------------
-----------------------------------------################################################################################################-------------------------------------------
-----------------------------------------#..............................................................................................#-------------------------------------------
-----------------------------------------#..............................................................................................#-------------------------------------------
----------------------------------------##......................................oooooooor............................................r..##------------------------------------------
----------------------------------------##.....................................o.....................................................o..##------------------------------------------
----------------------------------------##....................................o......................................................o..##------------------------------------------
----------------------------------------##....................r..............o.......................................................o..##------------------------------------------
----------------------------------------##....................o.............o........................................................o..##------------------------------------------
----------------------------------------##.....................o...........r...............................rooooooooooo..............o..##------------------------------------------
----------------------------------------#.......................o.........o............................................o.............o...#------------------------------------------
---------------------------------------##........................o.......o..............................................o............o...#------------------------------------------
---------------------------------------##.........................r.....o.o..............................................o...........o...##-----------------------------------------
---------------------------------------##..........................o...o...o............................................o.o..........o...##-----------------------------------------
---------------------------------------#............................o.o.....o..........................................o...o.........o...##-----------------------------------------
--------------------------------------##.............................o.......o........................................o.....o........o....#-----------------------------------------
--------------------------------------##............................o.........o......................................o.......roooooooo....##----------------------------------------
--------------------------------------##...........................o..........r.....................................o.........o......o....##----------------------------------------
-------------------------------------##.............##############o#o##############################################o##########r......o.....##---------------------------------------
-------------------------------------##.............#############o###o############################################o###########.o.....o.....##---------------------------------------
------------------------------------###..r......................o.....o..........................................o..............o....o.....##---------------------------------------
------------------------------------##rooo.....................o.......o........................................o................r...o......##--------------------------------------
------------------------------------##....o...................o.........o......................................o.....................o......##--------------------------------------
-----------------------------------##......o.................o.........o......................................o......................o.......##-------------------------------------
----------------------------------###.......o...............or........o......................................o.......................o.......###------------------------------------
---------------------------------###.........o.............o.........o......................................o........................o........##------------------------------------
---------------------------------##...........o...........o.........o......................................o.........................o........###-----------------------------------
--------------------------------###............o.........o..........r.....................................o..........................o.........###----------------------------------
-------------------------------###..............o.......o................................................o...........................o..........###---------------------------------
-----------------------------####................o...r.o.................................................r...........................o...........###--------------------------------
----------------------------####..................o...o..............................................................................o............####------------------------------
-------------------------######....................o.o..............................................................................o.o............######---------------------------
----------------------########.........r............o..............................................................................o...o..........r.########------------------------
----------------------######...........o...........o.........................................................................rooooo.....o.........o...######------------------------
----------------------##..............o...........o.............................................................................r........o.........o.....r##------------------------
----------------------##rooooooo.....o...........o.............................................................................o..........o.........o...o.##------------------------
----------------------##........o...o...........o.............................................................................o............o.........o.o..##------------------------
----------------------##.........o.o...........o.............................................................................o..............o.........o...##------------------------
----------------------##..........o..........#o####################################..............###########################o##########......o.......o....##------------------------
----------------------##...........roooooooooo#####################################............r.###########################o##########.......o.....o.....##------------------------
----------------------##.....................#r...................................#............o.#..........................o.........#......o.o...o......##------------------------
----------------------##.....................#o...................................#............o.#..........................o.........#.....o...o.o.......##------------------------
----------------------##.....................#o...................................#............o.#..........................o.........#....o.....o........##------------------------
----------------------##.....................#o...................................#.............oor.........................o.........#...o.......o.......##------------------------
----------------------##.....................#o...................................#............o.#.o........................o.........#...r........o......##------------------------
----------------------##.....................#o...................................#...........o..#..o.......................r.........#.............o.....##------------------------
----------------------##.....................#o...................................#..........o...#...oor.....r........................#..............o....##------------------------
----------------------##.....................#o...................................#.........o....#...........o........................#...............o...##------------------------
----------------------##.r...................o.o.........r........................#........o.....#...........o........................#................r..##------------------------
----------------------##.o..................o#..o.......o.........................#.......o......#...........o........................#................o..##------------------------
----------------------##.o.................o.#...o.....o..........................#......r.......#...........o........................#................o..##------------------------
----------------------##.o................o..#....o...o.....................rooooooooooooo.......#...........o........................#................o..##------------------------
----------------------##..o..............o...#.....o.o............................#......o.......#...........o........................#................o..##------------------------
----------------------##...o............o....#......o.............................#......o.......#...........o........................#................o..##------------------------
----------------------##....o..........o.....#.......o............................#......o.......#...........o........................#................o..##------------------------
----------------------##.....o........o......#........o...........................#......o.......#...........o........................#...............o...##------------------------
----------------------##......o......o.......#.........o..........................#......o.......#...........o........................#..............o....##------------------------
----------------------##.......rooooo........#..........o.........................#......o.......#...........o........................#.............o.....##------------------------
----------------------##......o......o.......#.........o.o........................#......o.......#............o.......................#............o......##------------------------
----------------------##.....o.......r.......#........r...o.......................#......o.......#.............o......................#...........o.......##------------------------
----------------------##....o................#.............o......................#.......o......#..............o.....................#..........o........##------------------------
----------------------##...o.................#..............o.....................#........o.....#...............o..............oooooooooooooooor.........##------------------------
----------------------##..o..................#...............o....................#.........o....#................o............o..o...#...................##------------------------
----------------------##..o..................#................o...................#..........o...#...............o.r..........o...r...#...................##------------------------
----------------------##..o..................#.................o..................#...........o..#..............o..o.........o.....o..#...................##------------------------
----------------------##..o..................#..................o.................#............o.#.............r....o.......o.......o.#...................##------------------------
----------------------##..o..................#...................o................#...........o.o#...................o.....o.........o#...................##------------------------
----------------------##..r..................#....................o...............#...........r..o....................o...o...........o...................##------------------------
----------------------##.....................#.....................o..............#..........o...#o....................o.o............#o..................##------------------------
----------------------##.....................#......................o.............#.........o....#.o..................................#o..................##------------------------
----------------------##.....................#.......................o............#......roo.....#..o.......r..........o..............#o..................##------------------------
----------------------##.....................#........................o...........#..............#...rooo...o.........o...............#o..................##------------------------
----------------------##.....................#.........................o..........#..............#.......o.o.........o................#r..................##------------------------
----------------------##.....................#...or...................o.o.........#..............#........o.........o.................#...................##------------------------
----------------------##.....................#..o....................o...o........#..............#.........o.......o..................#...................##------------------------
----------------------##.....................#.r....................o.....o.......#..............#..........o.....o...................#...................##------------------------
----------------------##............r........#.o...................o.......o......#..............#...........o...o.o..................#...................##------------------------
----------------------##............o........#.o..................o.........o.....#..............#............o.o...o.................#...................##------------------------
----------------------##............o........#.o.................o...........o....#..............#.............o.....o................#...................##------------------------
----------------------##r...........o........#.o................o.............roooo..............#.............o......o...............#...................##------------------------
----------------------##o...........o........#.o................r.................#o.............#.............o......r...............#........or.........##------------------------
----------------------##.o.........o.o.......#.o..................................#.o............#.............o.....................r#.......o...........##------------------------
----------------------##..o.......o...o......#r...................................#..o...........#.......r.....o.....................o#......o............##------------------------
----------------------##...o.....o.....o.....o#o###################################...o..........########o#####o#####################o#.....r.............##------------------------
----------------------##....o...o.......o...o###o##################################....o.........########o#####o#####################o#.....o.............##------------------------
----------------------##.....o.o.........o.o.....o......................................o................o.....o.....................o......o.............##------------------------
----------------------##......o...........o.......o......................................roooooooooooooooooooooo.....................o......o.............##------------------------
----------------------##.....o.............o.....o.o...........................................o...........r...o.................rooooooooooo.............##------------------------
----------------------##....o...............o...o...ooooooor...................................o...............o............................o.............##------------------------
----------------------##...o.................r..r..............................................o...............o............................o.............##------------------------
----------------------##..o..................o.................................................o...............o............................o.............##------------------------
----------------------##.o...................o.................................................o...............o............................o.............##------------------------
----------------------##.r...................o.................................................o...............oooor........................o.............##------------------------
----------------------##.....................o.................................................o...............o............................o.............##------------------------
----------------------##.....................o.................................................o...............o............................o.............##------------------------
----------------------##.....................o.................................................o...............o............................o.............##------------------------
----------------------##.....................o.................................................o...............o............................o.............##------------------------
----------------------##.....................o.............................roo.................o...............o............................o.............##------------------------
----------------------##....................o.................................o................o...............o............................o.............##------------------------
----------------------##...................o...................................o...............r...............o...........................r..............##------------------------
----------------------##..................o.....................................o.............o................o...........................o..............##------------------------
----------------------##.................o.......................................o...........o.................o...........................o..............##------------------------
----------------------##................o....#####################################o.........o....##############o#######################....o............r.##------------------------
----------------------##...............o.....######################################o.......o.....##############o#######################....o............o.##------------------------
----------------------##..........roooo......#####################################o.o.....o......##############o#######################....o...........o..##------------------------
----------------------##...............o.....#...................................o#..o...o.......#.............o......................#....o..........o...##------------------------
----------------------##................o....#.........r........................o.#...o.o........#.............o......................#....o.........o....##------------------------
----------------------##.................o...#.........o.r.....................o..#....o.........#.............o......................#....o........o.....##------------------------
----------------------##..................o..#..........o.....................r...#....o.........#.............o......................#....o.......o......##------------------------
----------------------##...................o.#.........o..........................#....o.........#.............o......................#....o......o.......##------------------------
----------------------##....................o#........o...........................#....o.........#.............o......................#....o.....o........##------------------------
----------------------##.....................o.......o............................#....r.........#.............o....oooor.............#.....o...o.........##------------------------
----------------------##.....................#o.....o.............................#..............#.............o...o..................#......o.o..........##------------------------
----------------------##.....................o.o...o..............................#..............#.............oooo...................#.......o...........##------------------------
----------------------##....................o#..o.o...............................#..............#.............o......................#........or.........##------------------------
----------------------##....................r#...o................................#..............#.............o......................#.......o...........##------------------------
----------------------##.....................#..r.o...............................#..............ooor..........o......................#......o............##------------------------
----------------------##..r..................#...o.o..............................#.............o#.............o......................#.....o.............##------------------------
----------------------##..o..................#..o...o.............................#............o.#.............o......................#....o..............##------------------------
----------------------##...o.................#.o.....o............................#...........o..#.............o......................#...o...............##------------------------
----------------------##....o................#o.......o...........................#..........o...#.............o......................#..o................##------------------------
----------------------##.....o...............o.........o..........................#.........o....#.............o......................#.o.................##------------------------
----------------------##......o.............o#..........o................r........#........o.....#.............o......................#o..................##------------------------
----------------------##.......o...........o.#...........o...............o........#.......o......#.............o......................o...................##------------------------
----------------------##........o.........o..#............o.............o.........#......r.......#.............o.....................o#...................##------------------------
----------------------##.........o.......o...#.............o...........o..........#......o.......#.............o....................o.#...................##------------------------
----------------------##..........o.....o....#..............o.........o...........#.....o........#.............o...................o.o#...................##------------------------
----------------------##...........o...o.....#...............o.......o............#....o.........#.............o................r.o...o...................##------------------------
----------------------##............o.o.o....#................o.....o.............#...o..........#.............o.................o....#o..................##------------------------
----------------------##.............o...o...#.................o...o..............#..o...........#.............o................o.....#.r.................##------------------------
----------------------##............o.....o..#..................o.o...............#.o............#.............o...............o......#...................##------------------------
----------------------##...........o.......o.#...................o................#o.............#.r...........o..............o.o.....#............r......##------------------------
----------------------##..........o.........o#....................o...............o..............#.o...........o.............o...o....#............o......##------------------------
----------------------##..........r..........o.....................o.............o#..............#..o..........o............o.....o...#...........o.......##------------------------
----------------------##.........r...........#o.....................o...........o.#..............#...o.........r...........o.......o..#..........o........##------------------------
----------------------##.....................#r......................o.........o..#..............#....o.......o.o.........o.........o.#.........o.........##------------------------
----------------------##.....................#........................o.......o...#..............#.....o.....o.o.o.....r.o...........o#........o..........##------------------------
----------------------##.....................#.......................o.o.....o....#..............#......o...o..r..o.....o.............o.......o...........##------------------------
----------------------##.....................#.............r........o...o...o.....#..............#.......o.o.......o...o..............#o.....o............##------------------------
----------------------##.....................#...........r.o.......o.....o.o......#..............#........o.........o.o...............#.o...o.............##------------------------
----------------------##.....................#............o.......o.......o.......#..........r...#.......o...........o................#..o.o..............##------------------------
----------------------##.....................#.............o.....o.........o......#..........o...#......o............o................#...o...............##------------------------
----------------------##.....................#..............o...o...........oooooooooooooooooooooooooooo.o...........o................#....o..............##------------------------
----------------------##.....................#...............o.o.................r#o.............#o.......o..........o................#.....o.............##------------------------
----------------------##.....................#................o...................#o.............#o........o.........o................#....o.o............##------------------------
----------------------##.....................#...............o....................#o.............#o.........o........o................#...o...o...........##------------------------
----------------------##.....................#..............o.....................#o.............#o.........r........o................#..o.....o..........##------------------------
----------------------##.....................#.............o......................#o.............#o..................o................#.o.......o.........##------------------------
----------------------##.....................#############o########################o.............#o##################o#################o........r.........##------------------------
----------------------##.....................############o#########################o.............#o##################o################o...................##------------------------
----------------------##................................o..........................o..............o..................o...............o....................##------------------------
----------------------##.........................r.....o...........................o..............o..................o..............o.....................##------------------------
----------------------##..........................o...o............................o..............o.................roo............o......................##------------------------
----------------------##....rooooooo...............oro.............................o..............o..................o.............r......................##------------------------
----------------------##............o...............o..............................r..............o..................o....................................##------------------------
----------------------##.............o.............o..............................o...............o..................o....................................##------------------------
----------------------##..............o...........o..............................o................o..................o....................................##------------------------
----------------------##...............o.........o..............................o.................o..................o....................................##------------------------
----------------------##................o.......o..............................o..................o..................o....................................##------------------------
----------------------##.................o.....o..............................o...................o..................o....................................##------------------------
----------------------##..................o...o..............................o....................r..................o....................................##------------------------
----------------------##...................o.o..............................o....................o.o.................o....................................##------------------------
----------------------###...................o...............................o...................o...or...............o..................................####------------------------
----------------------######................r...............................o..................o.....................o................................######------------------------
----------------------########...............o..............................o.................o......................o..............................#######-------------------------
--------------------------#####...............o.......r.....................o................o.......................o.............................#####----------------------------
----------------------------####...............o.....o.o....................o...............o........................ooor........................####-------------------------------
------------------------------###.............o.o...o...o...................o..............r....................rooooo..........................####--------------------------------
-------------------------------###...........o...o.o.....o..................o........................................o...................r......###---------------------------------
--------------------------------###.........o.....o.......oor...............r........................................o..................o......###----------------------------------
---------------------------------###.......o.......o.........................o.......................................o.................o......###-----------------------------------
----------------------------------##......o.........o#########################o######################################o########........o.......##------------------------------------
----------------------------------###....o..........#o#########################o#####################################o####o###.......o.......##-------------------------------------
-----------------------------------##...o.............o........................o.....................................ooooor.........o........##-------------------------------------
------------------------------------##.o.............o.........................o.....................................o.....o.......o........##--------------------------------------
------------------------------------##.r.............r.........................o.....................................o......o.....o.o.......##--------------------------------------
-------------------------------------##........................................o.....................................o.......o...o..r......##---------------------------------------
-------------------------------------##........................................o.....................................o........o.o..........##---------------------------------------
-------------------------------------##........................................o.....................................o.........o..........##----------------------------------------
--------------------------------------##.......................................o.....................................o..........o........r##----------------------------------------
--------------------------------------##.......................................o.....................................o...........o......o.##----------------------------------------
---------------------------------------#.......................................o.....................................o............o....o..#-----------------------------------------
---------------------------------------##......................................o.....................................o.............ooor..##-----------------------------------------
---------------------------------------##......................................o.....................................o...................##-----------------------------------------
---------------------------------------##......................................o.....................................r...................##-----------------------------------------
---------------------------------------##......................................r......................................o..................#------------------------------------------
----------------------------------------#..............................................................................o.................#------------------------------------------
----------------------------------------##..............................................................................o...............##------------------------------------------
----------------------------------------##...............................................................................o..............##------------------------------------------
----------------------------------------##................................................................................oo............##------------------------------------------
----------------------------------------##.................................................................................o............##------------------------------------------
----------------------------------------##..................................................................................o...........##------------------------------------------
----------------------------------------##...................................................................................o..........##------------------------------------------
-----------------------------------------#...................................................................................o..........#-------------------------------------------
-----------------------------------------#...................................................................................r..........#-------------------------------------------
-----------------------------------------################################################################################################-------------------------------------------
-----------------------------------------################################################################################################-------------------------------------------
-----------------------------------------################################################################################################-------------------------------------------
------------------------------------------------------------------------------------------------------------------------------------------------------------------------------------
------------------------------------------------------------------------------------------------------------------------------------------------------------------------------------
------------------------------------------------------------------------------------------------------------------------------------------------------------------------------------
------------------------------------------------------------------------------------------------------------------------------------------------------------------------------------
------------------------------------------------------------------------------------------------------------------------------------------------------------------------------------
------------------------------------------------------------------------------------------------------------------------------------------------------------------------------------
------------------------------------------------------------------------------------------------------------------------------------------------------------------------------------
------------------------------------------------------------------------------------------------------------------------------------------------------------------------------------
------------------------------------------------------------------------------------------------------------------------------------------------------------------------------------
------------------------------------------------------------------------------------------------------------------------------------------------------------------------------------
------------------------------------------------------------------------------------------------------------------------------------------------------------------------------------
------------------------------------------------------------------------------------------------------------------------------------------------------------------------------------
------------------------------------------------------------------------------------------------------------------------------------------------------------------------------------
------------------------------------------------------------------------------------------------------------------------------------------------------------------------------------
------------------------------------------------------------------------------------------------------------------------------------------------------------------------------------
------------------------------------------------------------------------------------------------------------------------------------------------------------------------------------
------------------------------------------------------------------------------------------------------------------------------------------------------------------------------------
------------------------------------------------------------------------------------------------------------------------------------------------------------------------------------
------------------------------------------------------------------------------------------------------------------------------------------------------------------------------------
------------------------------------------------------------------------------------------------------------------------------------------------------------------------------------
------------------------------------------------------------------------------------------------------------------------------------------------------------------------------------
