60.97146511077881 1173
21583132
240 180 10
1 100 29907
90 120
------------------------------------------------------------------------------------------------------------------------------------------------------------------------------------
------------------------------------------------------------------------------------------------------------------------------------------------------------------------------------
------------------------------------------------------------------------------------------------------------------------------------------------------------------------------------
------------------------------------------------------------------------------------------------------------------------------------------------------------------------------------
------------------------------------------------------------------------------------------------------------------------------------------------------------------------------------
------------------------------------------------------------------------------------------------------------------------------------------------------------------------------------
------------------------------------------------------------------------------------------------------------------------------------------------------------------------------------
------------------------------------------------------------------------------------------------------------------------------------------------------------------------------------
------------------------------------------------------------------------------------------------------------------------------------------------------------------------------------
------------------------------------------------------------------------------------------------------------------------------------------------------------------------------------
------------------------------------------------------------------------------------------------------------------------------------------------------------------------------------
------------------------------------------------------------------------------------------------------------------------------------------------------------------------------------
------------------------------------------------------------------------------------------------------------------------------------------------------------------------------------
------------------------------------------------------------------------------------------------------------------------------------------------------------------------------------
------------------------------------------------------------------------------------------------------------------------------------------------------------------------------------
------------------------------------------------------------------------------------------------------------------------------------------------------------------------------------
------------------------------------------------------------------------------------------------------------------------------------------------------------------------------------
------------------------------------------------------------------------------------------------------------------------------------------------------------------------------------
------------------------------------------------------------------------------------------------------------------------------------------------------------------------------------
------------------------------------------------------------------------------------------------------------------------------------------------------------------------------------
-----------------------------------------################################################################################################-------------------------------------------
-----------------------------------------################################################################################################-------------------------------------------
-----------------------------------------################################################################################################-------------------------------------------
-----------------------------------------#ro............................................................................................#-------------------------------------------
-----------------------------------------#o..................................................................oor.....r.................r#-------------------------------------------
----------------------------------------##o................................................................rr.........o.oooooooooor...o.##------------------------------------------
----------------------------------------##o..........................rooooor.........r.......r..............o..........o...........o.o..##------------------------------------------
----------------------------------------##o..........................o...............o.......ooor...........o..........o............o...##------------------------------------------
----------------------------------------##o.........................o.................o.....o...............o..........o............o...##------------------------------------------
----------------------------------------##o........................o...................o...o................o..........o............o...##------------------------------------------
----------------------------------------##o..........oooooooo.....o.....................o.o.o.r............o...........o............o...##------------------------------------------
----------------------------------------#.o..........r.....o.o...o.......................o...o............o............o............o....#------------------------------------------
---------------------------------------##.o...................o.o.......................o....ro..........o.............o............ror..#------------------------------------------
---------------------------------------##.o....................o.......................o.......o...r....o.............o..................##-----------------------------------------
---------------------------------------##.o....................ro.....................o.........roooooor.............o...................##-----------------------------------------
---------------------------------------#..o......................o...................o........................r.....o....................##-----------------------------------------
--------------------------------------##.ro.......................o.................o..........................o...o......................#-----------------------------------------
--------------------------------------##..o........................o...............o............................o.o.......................##----------------------------------------
--------------------------------------##...o.........r............o.o.............o..............................o.o......................##----------------------------------------
-------------------------------------##.....o.or....##o##########o###o###########o##################################o#########.............##---------------------------------------
-------------------------------------##......o......###o########o#####o#########o####################################o########.............##---------------------------------------
------------------------------------###......o..........o......o.......o.......o......................................o....................##---------------------------------------
------------------------------------##........o..........o....o........ro.....o.o......................................o.............r......##--------------------------------------
------------------------------------##.........o..........r..o.o.........o...o...r......................................o............o......##--------------------------------------
-----------------------------------##...........o.........o.o...o.........o.o............................................o..........r........##-------------------------------------
----------------------------------###............o.........o.....o.........o......................r.......................o........o....o....###------------------------------------
---------------------------------###..............o.......o......r..........o.....................o........................o......r..r.o.o....##------------------------------------
---------------------------------##................o.....o...................o.............rooooooo.......r.................o.....o...o...o...###-----------------------------------
--------------------------------###.................o.o.o.....................o............o......o....rooo..................o....o..o.....o...###----------------------------------
-------------------------------###...................o.o.......................o...........o......o........o..................ooooo.o.......o...###---------------------------------
-----------------------------####.....................oo.r......................o..........o......o.........r................o.....o.........o...###--------------------------------
----------------------------####.....r...............o..o......................o.o....r....r......o.........o...............o.......o.........o...####------------------------------
-------------------------######......o..............o..........................r..o..r.o..........o..........o.............o........o..........o...######---------------------------
----------------------########.r.....o.............o..........................o....o.o..r.........o...........o...........o.........r...........o...########------------------------
----------------------######...o....o.............o...........................o....ro.............o............o.......r.o...........o...........o....######------------------------
----------------------##.......o...o.............o.o..........................o......o............o.............o.......o.............o...........o.......##------------------------
----------------------##......o...o.............o...o.....................r...r.....r.o...........o..............o.....o...............o...........oor....##------------------------
----------------------##.......o.o.o...........o.....o....................o..........o.o..........o...............o...o.................o.........o.......##------------------------
----------------------##........o...o..r...r..o......r..............rooo.o..........o...o........o.................o.o..................r........o........##------------------------
----------------------##.......o.....o.o.r.o.o##########################o##########o.....o......o###################o##################..........o........##------------------------
----------------------##.ooooor.......o.o...o#o##########################o########o.......or...r.##################o###################........o.o........##------------------------
----------------------##..o............o...o.#.o..........................o......o#........o...o.#................o...................#........oo.........##------------------------
----------------------##................o.o..#..o..........................o....o.#.........o.o..#...............o.o..................#...................##------------------------
----------------------##.................o...#..oo.........................o...o..#..........o...#..............o...o.................or..................##------------------------
----------------------##................o....#....o.........................o.o...#...........o..#.............o.....o...............r#...................##------------------------
----------------------##...............o.....#.....o.........................o....#..........o.o.#............o.......o..............o#...................##------------------------
----------------------##..............o......#......o.............................#.........o...o#...........o........r..............o#...................##------------------------
----------------------##.............o.......#.....o.o............................#..r....oo.....o..........o........................o#...................##------------------------
----------------------##.......r....o........#....o...o...........................#..o....o......#o........oo........................o#...................##------------------------
----------------------##........r..o.........#...o.....or.........................#...o..o.......#.o......o..........................o#...................##------------------------
----------------------##........o.o..........#..o......o..........................#....o.r.......#..o.....o.........................o.o.............r.....##------------------------
----------------------##.........o...........#.r.......o..........................#.....o........#...o...o.........................o..#o...........r......##------------------------
----------------------##.........o...........#.........o..........................#....o.o.......#....o.o.........................o...#.r..........o......##------------------------
----------------------##.........o...........#.........o..........................#...o..r.......#...o.o.........................o....#.............o..rr.##------------------------
----------------------##.roooooooo...........#.........r..........................#..o...........#..o...o.......................o.....#..............o.o..##------------------------
----------------------##...o..r..o...........#....................................#.o............#..r....o..r..............r...r......#...............o...##------------------------
----------------------##...o.....o...........#..............................r.....#o.............#........o.o...............o.o.......#........o.....o....##------------------------
----------------------##...o.....o...........#...........................o..o.....or.............#.........o.......r.........o........#.......oo....o.....##------------------------
----------------------##...o.....oooooor.....#..........................oo.o...r.o#..............#..........o.....o.........o.........#........o...o......##------------------------
----------------------##...r.....o......o....#........roo.................o.....o.#..............#.........oro...r.........o..........#........o..o.......##------------------------
----------------------##.........o.......oor.#...........o...............o.o...o..#..............#........o...o.o.........o...........#........o.o........##------------------------
----------------------##.........o...........#............o.............o...o.o...#..............#.......o.....o.........o............#.........o.........##------------------------
----------------------##.........o...........#.............o...........o.....o....#..............#......r.......o.......o.............#........o.o........##------------------------
----------------------##.........o...........#..............o.oor.....r.......o...#..............#...............o.....o..............#.......o...rooo....##------------------------
----------------------##.........o...........#...............o.................o..#..............#................o...o...............#......o.......o....##------------------------
----------------------##.........o...........oor.............o................o.oo#..............#.................oro................#.....o........o....##------------------------
----------------------##ro.......o..........o#...............o................r.o.#..............#..................o.................#....r.........o....##------------------------
----------------------##..o......o..........o#...............o..................o.#..............#...................o................#.....o........o....##------------------------
----------------------##...o.....o..........o#...............r..................o.#..............#....................o...............#......o.......o....##------------------------
----------------------##....o....o..........o#...............o...o..............o.#..............#.....................o............r.#......o.......o....##------------------------
----------------------##.....o...o..........o#................o..oo.............o.#..............#....................o.............o.#......r.......o....##------------------------
----------------------##....o.o.o.o.........o#.................o.rooooooo.......o.#..............#.....................o.o.........o..#.............o.....##------------------------
----------------------##..ro...o...oooooooooo#..................o........o......o.#..............#....................o...o.......o...#............o.o....##------------------------
----------------------##..r....o.............o.................o........r.o.....ooooor...........#.........o.........o.....oo....o....#...........o...o...##------------------------
----------------------##......o.............o#o...............o............o....o.#..............#........r.o.......o.......o...o.....#..........o.....o..##------------------------
----------------------##.....r.............o.#.o.............o.o............o.ro..#..............#...........o.....o.o.......o.o......#.........o......r..##------------------------
----------------------##....o.............o..#..o...........o...o...r........oo...#..............#............o...o..ro.......o.......#........o..........##------------------------
----------------------##...o.............o...#...o.........o.....o.o..............#..............#.............o.o.....o.......o......#.......or..........##------------------------
----------------------##..o.............o....#....oo.......r......o...............#..............#..............o......r........o.....#......or...........##------------------------
----------------------##..o............o.....#.....o..............r...............#..............#.............o.................o....#.r...o.............##------------------------
----------------------##..o...........o......#.....................r..............#..............#............o.o.................o...#.rooo..............##------------------------
----------------------##..r..........o.......#.....................r..............#..............#...........o..r.................oo..#....o..............##------------------------
----------------------##............o........#....................................#..............#..........o....................o..o.#....o..............##------------------------
----------------------##...........r.........#....................................#.............r#.........o....................o....o#....o..............##------------------------
----------------------##..........o..........######################################............o.#########o####################o######ooooooooooooooo.....##------------------------
----------------------##.........o...........######################################...........r..########o####################o######o#..............o....##------------------------
----------------------##........o.............................................................o.........o....................o.......o................o...##------------------------
----------------------##........o..............................................................o.......o.o..................o........o.................o..##------------------------
----------------------##........o..............................................r................o.....o...o................o.........o..................o.##------------------------
----------------------##........o.............................................oo.................o...o.....o...............r.........o..................o.##------------------------
----------------------##........o..........................r...................ooooooor...........o.o.......o...............o........o..................o.##------------------------
----------------------##........r............ooor..........o...................o...................o.......o.................o.......o..................o.##------------------------
----------------------##....................o..............o...................o..................o.o......o..................o......o..................r.##------------------------
----------------------##...................o................o..................o.................o...o.....o...................o.....o....................##------------------------
----------------------##..................r..................o................o.................o.....o....o...................r.....o....................##------------------------
----------------------##..................o...................o..............ooo...............o......r....o.........................o....................##------------------------
----------------------##.rr...............o....................r....r.......or..o.............o.......o....o.....r...................o....................##------------------------
----------------------##..o..............o....................o.....o......o.....r...........o........o....o....o....................o....................##------------------------
----------------------##..o.............o....................o.......o....r.................o.........o....r...o.....................o..........r.........##------------------------
----------------------##.r........oooooo....................r.........o...o................o..........o.....o.r...................rooo..........o.........##------------------------
----------------------##.or......o......o...................o..........o.o................o.o.........r......ooo.....................o.........o.oooooor..##------------------------
----------------------##..orr...o........o..................o...........o................o...o..................o....................o........o.........r.##------------------------
----------------------##...o...o..........o.................o..........o................o.....o..................oooor...............o.......o............##------------------------
----------------------##....o.o............o.###############o###########o##########....o.......o.###################################o#o.....o.............##------------------------
----------------------##.....o..............o###############o############o#########...o.........o##################################o###o...o..............##------------------------
----------------------##.....................o#############o############o#o########..o...........o################################o####.o.o.r.............##------------------------
----------------------##.....................#o...........o.............r..o......#.oo...........#o.........................oooooo....#..o...o............##------------------------
----------------------##.....................#.o.........o..................o.....#o.............#.o........................o.........#...o...ooor........##------------------------
----------------------##.....................#..o.......o...................ro....o..............#..o.......................r.........#...oo..............##------------------------
----------------------##.....................#...rooo..r......................o..o#..............#...o.....................o..........#.....o.............##------------------------
----------------------##.....................#..o....o.o......................ooo.#..............#....o...................o...........#....o.o............##------------------------
----------------------##.....................#.o.o....o......................o.o..#..............#.....o.................r............#...o...o.....r.....##------------------------
----------------------##.....................#o...r....o......................o...#..............#......oo............................#..o.....o...o......##------------------------
----------------------##......r..........r...o.o........o....................o.o..#..............#.......o.......r...............r....#.o.......o.or......##------------------------
----------------------##.roooooooo........o.o#..o.r......o..................o...o.#..............#........o.....o................o....#.r........o........##------------------------
----------------------##...o......o........o.#...o........o................o.....o#..............#.........o...o......r..........o....#...................##------------------------
----------------------##...o......o.......o..#....r........o...............o....o.o..............#..........o.o.......o..........o....#...................##------------------------
----------------------##...o.......o.....o...#..............o.....r........o.....o#r.............#...........o.......o...........o....#...................##------------------------
----------------------##...o........o...o....#...............o...o.........o.....o#..............#o.........r.o.....or...........o....#...................##------------------------
----------------------##...r.........o.o.....#................o.o..........o....r.#..............o.o.........o.o...o.............o....#...................##------------------------
----------------------##.ro..........ro......#.................o...........o......#.............o#..o.......o...o.o.............oo....#...................##------------------------
----------------------##.............o.......#..................o..........o......#.............r#...o.....o.....o...............o....#...................##------------------------
----------------------##............r........#....r............o.ooooooooooo......#..............#....o.o.o.......o..............o....#...................##------------------------
----------------------##...........o.........#...r.o............o..........oo.....#..............#.....o.o.........o.............o....#...................##------------------------
----------------------##....r.....o.o........#...o..r............o.........o......#..............#......o..........r...r.........o....#...................##------------------------
----------------------##.....o...o...o.......#...o................o........o......#..............#.....o..........o.oooooooooooooo....#...................##------------------------
----------------------##......o.o.....o......#..o.................o........o......#..............#....o.........ro..o.......o.........#...................##------------------------
----------------------##.......r.......o.....#..o.................o........o.....r#..............#...o.......................o........#...................##------------------------
----------------------##................o....#..o.................r........o.....o#..............#...o.......................o........#....r..............##------------------------
----------------------##.................r...#..o.........................oor....o#..............#..o........................o........#....o..............##------------------------
----------------------##.....................#..o........................oro......o..............#.o.........................o........#.roo.o.............##------------------------
----------------------##.....................#..o.......................o..o......#r.............#o..........................r........#......o............##------------------------
----------------------##............r........#..o......................r...o......#o.............o....................................#.......o...........##------------------------
----------------------##............o........#..o.........................ro......#o............o#....................................#........o..........##------------------------
----------------------##............o........#..o..........................o......#o..........ror#....................................#.........o.........##------------------------
----------------------##.............o.......#..o..........................oo.....#.o............#....................................#..........o........##------------------------
----------------------##..............o......#..o..........................o......#..o...........#....................................#...........o.......##------------------------
----------------------##.............o.o.....#.oooo........................o......#..o...........#....................................#............o......##------------------------
----------------------##............o...or...#o....o.......................o......#..o...........#....................................#.............ooor..##------------------------
----------------------##...........o.....o...o......o......................o......#..o...........#....................................#............o......##------------------------
----------------------##..........o.......o.o#.......o.....................oo.....#..o...........#....................................#...........o.......##------------------------
----------------------##.........o.........o.#.......o.....................o......#...o..........#.r..................................#....o.....o........##------------------------
----------------------##........o...........o#.......r.........roooooo.....o......#....o.........#.ooor............o..................#...o.o...o.........##------------------------
----------------------##.......o.............o........................o....oo.....#.....o........#.o.......roooooooo...r..............#..o...o.o..........##------------------------
----------------------##......o.............o#o........................roo.o.o..or#......o.......#or......o.o......o..o...............#.o.....o...........##------------------------
----------------------##.....o.............oo#.oo.........................oo..or..#.....ooo......#o.......o........o.o................#o.................r##------------------------
----------------------##....o.............o.o#..o..........................o......#........o.....o......ror.........o.....r...........o..................o##------------------------
----------------------##...o.............r..r#..o.........................oo......#.........o...o#...................oo...o..........o#..................o##------------------------
----------------------##...o.............o...#..o..........................oo.....#..........r.o.#.....................o.o..........o.#.................o.##------------------------
----------------------##...o.............o...###o##########################o#######...........o..#######################o##########o###................o..##------------------------
----------------------##...r.............o...###o##########################o#######............o.########################o########o####...............o...##------------------------
----------------------##.................r......o..........................o..................o.o.........................o.oooooo...................r....##------------------------
----------------------##........................o..........................o.................o...o.......ooor..............r.o.......................o....##------------------------
----------------------##........................o..........................oo...............r.....o.r...o....o.............o.r.......................o....##------------------------
----------------------##.......................ooo................o........o.......................o...o....o.o...........o..........................o....##------------------------
----------------------##........................o.o...............oo.......o........................o.o....o...o.........o.......ro.................o.....##------------------------
----------------------##.......................oo..o..............o........oooor.....................o.....r....o.......o.........o................o......##------------------------
----------------------##......................o.o...ooooor.........o.......o........................o............o.....o...........o...o.o........o.......##------------------------
----------------------##....................ro..o.........o.......o.o......o.......................o..............o.o.o.............ooooooooooooor........##------------------------
----------------------##........................o.........r......o...o.....o......................o................o.o.............o......o...o...........##------------------------
----------------------##.............o..........o...............r.....o....o.............r.......o..................o........r....o.......................##------------------------
----------------------##............o.o.........oo.....................o...o.............o......o....................o.......o..ro........................##------------------------
----------------------##...........o...o........o.ooor..................o.o..............o......o.....................o......o..o.........................##------------------------
----------------------###.........r.....o.......oo.......................o...............o.....o.......................ooooooooo.or.....................####------------------------
----------------------######.............o......o.......................o.o...............o...o...............................r.......................######------------------------
----------------------########............o.....o......................o...o...............o.o.o....................................................#######-------------------------
--------------------------#####..........o.o....o................o....o.....o...............o...o..................................................#####----------------------------
----------------------------####......r.o...oooooooooooooooooooooooooo.......r.............o.....o...............................................####-------------------------------
------------------------------###......or.............................or..................o.......o.............................................####--------------------------------
-------------------------------###......o............................o.o.................o.........oro.....................................oror.###---------------------------------
--------------------------------###.....o...........................o...o...............o...........o.....................................o....###----------------------------------
---------------------------------###....o........................r.o.....o.............o.............o...................................o....###-----------------------------------
----------------------------------##....o...........##############o#######o###########o###############o#######################..........o.....##------------------------------------
----------------------------------###...o...........#############o#########o#########o#################o######################.........o.....##-------------------------------------
-----------------------------------##...rooooor.................o...........o.......o...................o.............................r......##-------------------------------------
------------------------------------##....................oo...o.............o.....o.....................o............................o.....##--------------------------------------
------------------------------------##....................o...o...............o...o.......................o...........................o.....##--------------------------------------
-------------------------------------##....................o.o...............o.o.o.........................o..........................o....##---------------------------------------
-------------------------------------##...............r.....o...............o.ooo.r.........................o...........r............o.....##---------------------------------------
-------------------------------------##................o...o...............o.................................o..r.......o.....r.....oo....##----------------------------------------
--------------------------------------##................o.o...............o.................................o.o.o......oo.....o......o....##----------------------------------------
--------------------------------------##.........r.......o.o............ro..................................r..o........o.....o.......ooor##----------------------------------------
---------------------------------------#.....oooooooooo.o..r............o.......................................o.......o.....o......o..o.#-----------------------------------------
---------------------------------------##....oo........o.................o.......................................ooooooooooooooooor.o...o##-----------------------------------------
---------------------------------------##.....o.........o.................o.....................................o...o.....o....r.r.o....r##-----------------------------------------
---------------------------------------##....o...........o................o.....................................o...o....o...............##-----------------------------------------
---------------------------------------##...o............o................o.....................................o...o....o...............#------------------------------------------
----------------------------------------#...o............o................r.......................r.............o...r....o...............#------------------------------------------
----------------------------------------##..o............o........................................o.............o.........o.............##------------------------------------------
----------------------------------------##..o............o........................................o.............o..........o............##------------------------------------------
----------------------------------------##..o............o........................................oor...........o...........o...........##------------------------------------------
----------------------------------------##..r............o........................................o.............o............o.r........##------------------------------------------
----------------------------------------##...............roor..................................r..o.............o............oooo.......##------------------------------------------
----------------------------------------##.................o....................................o.o.......rooooooo......................##------------------------------------------
-----------------------------------------#.................o.....................................ooooooooo......r.......................#-------------------------------------------
-----------------------------------------#...............ro.............................................................................#-------------------------------------------
-----------------------------------------################################################################################################-------------------------------------------
-----------------------------------------################################################################################################-------------------------------------------
-----------------------------------------################################################################################################-------------------------------------------
------------------------------------------------------------------------------------------------------------------------------------------------------------------------------------
------------------------------------------------------------------------------------------------------------------------------------------------------------------------------------
------------------------------------------------------------------------------------------------------------------------------------------------------------------------------------
------------------------------------------------------------------------------------------------------------------------------------------------------------------------------------
------------------------------------------------------------------------------------------------------------------------------------------------------------------------------------
------------------------------------------------------------------------------------------------------------------------------------------------------------------------------------
------------------------------------------------------------------------------------------------------------------------------------------------------------------------------------
------------------------------------------------------------------------------------------------------------------------------------------------------------------------------------
------------------------------------------------------------------------------------------------------------------------------------------------------------------------------------
------------------------------------------------------------------------------------------------------------------------------------------------------------------------------------
------------------------------------------------------------------------------------------------------------------------------------------------------------------------------------
------------------------------------------------------------------------------------------------------------------------------------------------------------------------------------
------------------------------------------------------------------------------------------------------------------------------------------------------------------------------------
------------------------------------------------------------------------------------------------------------------------------------------------------------------------------------
------------------------------------------------------------------------------------------------------------------------------------------------------------------------------------
------------------------------------------------------------------------------------------------------------------------------------------------------------------------------------
------------------------------------------------------------------------------------------------------------------------------------------------------------------------------------
------------------------------------------------------------------------------------------------------------------------------------------------------------------------------------
------------------------------------------------------------------------------------------------------------------------------------------------------------------------------------
------------------------------------------------------------------------------------------------------------------------------------------------------------------------------------
------------------------------------------------------------------------------------------------------------------------------------------------------------------------------------
