44.84648084640503 2652
39425564
240 180 10
1 100 29907
90 120
------------------------------------------------------------------------------------------------------------------------------------------------------------------------------------
------------------------------------------------------------------------------------------------------------------------------------------------------------------------------------
------------------------------------------------------------------------------------------------------------------------------------------------------------------------------------
------------------------------------------------------------------------------------------------------------------------------------------------------------------------------------
------------------------------------------------------------------------------------------------------------------------------------------------------------------------------------
------------------------------------------------------------------------------------------------------------------------------------------------------------------------------------
------------------------------------------------------------------------------------------------------------------------------------------------------------------------------------
------------------------------------------------------------------------------------------------------------------------------------------------------------------------------------
------------------------------------------------------------------------------------------------------------------------------------------------------------------------------------
------------------------------------------------------------------------------------------------------------------------------------------------------------------------------------
------------------------------------------------------------------------------------------------------------------------------------------------------------------------------------
------------------------------------------------------------------------------------------------------------------------------------------------------------------------------------
------------------------------------------------------------------------------------------------------------------------------------------------------------------------------------
------------------------------------------------------------------------------------------------------------------------------------------------------------------------------------
------------------------------------------------------------------------------------------------------------------------------------------------------------------------------------
------------------------------------------------------------------------------------------------------------------------------------------------------------------------------------
------------------------------------------------------------------------------------------------------------------------------------------------------------------------------------
------------------------------------------------------------------------------------------------------------------------------------------------------------------------------------
------------------------------------------------------------------------------------------------------------------------------------------------------------------------------------
------------------------------------------------------------------------------------------------------------------------------------------------------------------------------------
-----------------------------------------################################################################################################-------------------------------------------
-----------------------------------------################################################################################################-------------------------------------------
-----------------------------------------################################################################################################-------------------------------------------
-----------------------------------------#.....................................oooor....................................................#-------------------------------------------
-----------------------------------------#....................................o.........................................................#-------------------------------------------
----------------------------------------##...................................o..........................oooo............................##------------------------------------------
----------------------------------------##..................................o..........................o....o..............ooor.........##------------------------------------------
----------------------------------------##.................................o..........................o......o............o.............##------------------------------------------
----------------------------------------##................................o..........................o........o..........o..............##------------------------------------------
----------------------------------------##...............................o..........................o..........o.o......r...............##------------------------------------------
----------------------------------------##..............................o..........................o............oo.....o................##------------------------------------------
----------------------------------------#...............................o.....................roooo...............o...o..................#------------------------------------------
---------------------------------------##....................r..........o..........................................o.o...................#------------------------------------------
---------------------------------------##....................o..........o...........................................o....................##-----------------------------------------
---------------------------------------##.....................o.........o............................................o...................##-----------------------------------------
---------------------------------------#.......................o........o.............................................o..................##-----------------------------------------
--------------------------------------##........................o........o.............................................o..................#-----------------------------------------
--------------------------------------##.........................oo.......o.............................................o.......r.........##----------------------------------------
--------------------------------------##........or...............o.........o....r........................................o.....o..........##----------------------------------------
-------------------------------------##........o.o..############o###########o###o#########################################o###o............##---------------------------------------
-------------------------------------##.......o...o.###########o#############o#o###########################################o#o.............##---------------------------------------
------------------------------------###......o.....o.o........o...............o.............................................o..............##---------------------------------------
------------------------------------##......o.......oooooooo.o...............o.o...........................................o................##--------------------------------------
------------------------------------##.....o................o...............o...o.........................................o.................##--------------------------------------
-----------------------------------##.....o..................o.............o.....o.......................................o...................##-------------------------------------
----------------------------------###.rooo....................o...........o.......o.....................................o....................###------------------------------------
---------------------------------###.........................o.o.........o.........o...................................o......................##------------------------------------
---------------------------------##.........................o...o.......o...........o.................................o.o.....................###-----------------------------------
--------------------------------###........................o.o...o.....o.............o...............................o...o.....................###----------------------------------
-------------------------------###........................o..r....o...o.............o.o.............................o.....r.....................###---------------------------------
-----------------------------####........................o.........o.o.............o..oo...........................o.............................###--------------------------------
----------------------------####........................o...........o..............r....o.........................o...............................####------------------------------
-------------------------######........................o...........o...............o.....o.......................o.................................######---------------------------
----------------------########........................r.......r...o................o......o.....................o...................................########------------------------
----------------------######.........................o.........o.o.................o.......o...................o......................................######------------------------
----------------------##............................o...........o..................r........o.................o...........................................##------------------------
----------------------##...........................o............o.................o..........o...............o............................................##------------------------
----------------------##........................roo.............o................o............o.............o..........................r..................##------------------------
----------------------##.......................o................r................o.............o...........o............................ooo........ro.....##------------------------
----------------------##.....................#o##################################o#.............o#########o############################o...o.......o......##------------------------
----------------------##.....................o###################################o#..............o#######o############################o.....o.....o.......##------------------------
----------------------##....................o#...............................roooo#..............#o.....o............................o#......o...o........##------------------------
----------------------##...................o.o...................................o#..............#.o...o.............................o#.......o.o.........##------------------------
----------------------##...............r..o..#o..................................o#..............#..o.o.............................o.#........o..........##------------------------
----------------------##..............r..o...#.o.................................o#..............#...o.............................o..#........o..........##------------------------
----------------------##..............o.o....#..o................................o#..............#....o...........................o...#........o..........##------------------------
----------------------##......rooo.....o.....#...o...........r...................r#..............#.....o.........................o....#........o..........##------------------------
----------------------##..........roooo......#...r..........o.....................#..............#......o........................o....#........o..........##------------------------
----------------------##.....................#....o........o......................#..............#.......o.......................o....#........o..........##------------------------
----------------------##.....................#.....o......o.......................#..............#........o......................o....#........o..........##------------------------
----------------------##.....................#......o....o........................#..............#.........o.....................o....#........o..........##------------------------
----------------------##.....................#......o.....o.......................#..............#..........o....................r....#.......o...........##------------------------
----------------------##.....................#......rr.....o......................#..............#..........ro........................#......o............##------------------------
----------------------##.....................#..............o.....................#..............#............o.......................#.......o......oo...##------------------------
----------------------##.....................#...............o....................#..............#.............o......................#........o.....o....##------------------------
----------------------##.....................#................o...................#..............#..............o.....................#.........o...o.....##------------------------
----------------------##.....................#.................o..................#..............#...............o....................#..........o.o......##------------------------
----------------------##.....................#..................o.................#..............#................o...................#...r.......o.......##------------------------
----------------------##.....................#...................o................#..............#.................r..................#...o........r......##------------------------
----------------------##.....................#....................o.............o.#..............#.................o..................#...o........o......##------------------------
----------------------##.....................#.....................o............oo#..............#.................o..................#..o.........o......##------------------------
----------------------##.....................#......................o..........o..o..............#...............roo..................#.r..........o......##------------------------
----------------------##.....................#.......................o........o...#o.............#.................o..................#.o..........oo.....##------------------------
----------------------##.....................#........................r......o....#r.............#.................o..................#.o........roo......##------------------------
----------------------##.....................#........................o.r...o.....#..............#.................o..................oo...........o......##------------------------
----------------------##.....................#.........................o...o......#..............#.................o.................o#............o......##------------------------
----------------------##.....................#..........................o.o.o.....#..............#..................o...............oo#............o......##------------------------
----------------------##.....................#....................ro.....o...o....#..............#...................o.....r.......o..#............o......##------------------------
----------------------##.....................#......................o...o.....o...#..............#.o..................o...o.......o...#............o......##------------------------
----------------------##.r...................#.......r...............o.o.......o..#.......rooooooooo...................o.o.......o....#............o......##------------------------
----------------------##..o..................#......o.................r.........o.#......o.......#.o............................o.....#............o......##------------------------
----------------------##...o.................#.....o..................o..........r#.....o........#.o............r......o.o.....o......#............o......##------------------------
----------------------##....o................#....r...................o..........o#....o.........#.o............o.....o...o...o.......#............o......##------------------------
----------------------##.....o...............#...o.o..................o..........o#...o..........#.o........rooo.or..o.....o.o........#...........o.o.....##------------------------
----------------------##......r..............#..o...o.................oo.........o#...r..........#.o..............o.o.......o.........#..........o..r.....##------------------------
----------------------##.......o.............#.o.....ooor............ro..........r#..............#.o...............o.o.......oooooooooooooooooooo.........##------------------------
----------------------##........o............#o.......................o...........#..............#.o..............o...o...............#.......o...........##------------------------
----------------------##.........o...........o........................o...........#..............#.o.............o....r...............#.......o...........##------------------------
----------------------##..........o.........o#........................o...........#..............#.o............o.....................#.......o...........##------------------------
----------------------##...........o.......o.#.......................oo...........#..............#..o..........o.o....................#.......o...........##------------------------
----------------------##............o.....o..#........................o...........#..............#...o........o...o...................#.......o...........##------------------------
----------------------##.............o...o...#........................o...........#..............#...o.......o.....o..................#.......o.......ooor##------------------------
----------------------##..............o.o....#.......................o.o..........#..............#....o.....o.......o.................#.......o......o....##------------------------
----------------------##...............o.....#......................o...o.........#r.............#.....o...o.........o................#.......o.....o.....##------------------------
----------------------##..............o......######################o#####o#########o.............#######o#o###########o################.......ooo..o......##------------------------
----------------------##.............o.......#####################o#######o#######o..............########o#############o###############.......o..or.......##------------------------
----------------------##............o............................o.........o.....o...................r..o...............o.....................o...........##------------------------
----------------------##...........o............................o...........o...o....................o.o.................o...................oo...........##------------------------
----------------------##...........o.........................ror.............o.o......................o...................o.................r.o...........##------------------------
----------------------##...........o............................o.............o......................o...............r.....o..................or..........##------------------------
----------------------##...........o............................o..............o....................o.................o...o.o.................o...........##------------------------
----------------------##...........o............................r............r.o...................o...................o.o...o................o...........##------------------------
----------------------##...........o..........................................o..................ro.....................o.....o...............o...........##------------------------
----------------------##...........o.........................................o...................o.....................o.......o..............r...........##------------------------
----------------------##......roooo.o.......................................o...................o.....................o.........r.........................##------------------------
----------------------##.............o.....................................o...................o......................o..........o........................##------------------------
----------------------##.............oo...................................o...................o......................o............o.......................##------------------------
----------------------##...............o.................................o...................o................roooooo..............oo.....................##------------------------
----------------------##..............o.o...............................o...................o.......................................o.....................##------------------------
----------------------##.............o...o...............................o.................o.........................................o....................##------------------------
----------------------##.............r....o.............................o.o...............o...........................................o...................##------------------------
----------------------##...................o...........................o...o.............o.............................................o..................##------------------------
----------------------##....................o.........................o....oo...........o.............................................o.o.................##------------------------
----------------------##.....................o#######################o#######o#####....o.........####################################o#..o.r..............##------------------------
----------------------##.....................#o#####################o#########o####...o..........###################################o##...o...............##------------------------
----------------------##.....................##o###################o###########o###..o...........##################################o###...o...............##------------------------
----------------------##.....................#..o..................r............o.#.o............#................................o...#...o....ooooooror..##------------------------
----------------------##.....................#...o................o..............o#o.............#...............................o....#...r...o.......o...##------------------------
----------------------##..................r..#....o...............o...............o.o............#..........r...................o.....#....o.o........oo..##------------------------
----------------------##...................o.#...o.o..............r..............o#..o...........#..........oo.................o......#.....o.........o...##------------------------
----------------------##....................o#..o...o...........................o.#...o..r.......#..........o.................o.......#...................##------------------------
----------------------##.....................o.o.....o.........................o..#....o.o.......#.........ro.................r.......#...................##------------------------
----------------------##.....................#o.......o.......................o...#.....o........#..........o..................o......#...................##------------------------
----------------------##.....r...............oo........o.....................o....#......o.......#..........o...................o.....#...................##------------------------
----------------------##......o.............o#o.........o...................o.....#.......o......#..........o....................o....#...................##------------------------
----------------------##.......o...........o.#.r.........o.................o......#........o.....#..........o.....................o...#...................##------------------------
----------------------##........o.........o..#..o.........o...............o.......#.........o....#..........o.....................o...#...................##------------------------
----------------------##.........o.......o...#...o.........o.............o........#..........o...#.........o......................o...#...................##------------------------
----------------------##..........o.....o....#....or........o...........o.o.......#...........o..#.........o......................o...#...................##------------------------
----------------------##...........o...o.....#...............o.........o...o......#............o.#.........o......................r...#...................##------------------------
----------------------##............o.o......#................o.......o.....r.....#...........o.o#.........o..........................#...................##------------------------
----------------------##.............o.......#.................o.....o............#..........o...o.........o..........................#...................##------------------------
----------------------##............o........#..................oo..o.............#....roooo.r...#o.......o.oooor.....................#...................##------------------------
----------------------##...........o.........#...................o.o..............#.........o....#.o.....o.......o....................#...................##------------------------
----------------------##..........o..........#....................o...............#..............#..o...o.........o...................#...................##------------------------
----------------------##..roooooooo..........#...................o................#..............#...o.o...........ooor...............#...................##------------------------
----------------------##.....................#..................o.................#..............#....o...............................#...................##------------------------
----------------------##.....................#.................o..................#..............#.....o..............................#...................##------------------------
----------------------##.....................#................o...................#..............#......o.............................#...................##------------------------
----------------------##.....................#...............o.o..................#..............#.......o............................#...................##------------------------
----------------------##.....................#..............o...o.................#..............#........o...........................#...................##------------------------
----------------------##.....................#.............o.....o................#.oo...........#.........o..........................#...................##------------------------
----------------------##.....................#............o.......o...............#o..o..........#........o...........................#...................##------------------------
----------------------##.....................#...........o.........o..............o....o.........#.......o............................#...................##------------------------
----------------------##.....................#..........o...........oo...........o#....o.........#......o.............................#...................##------------------------
----------------------##.....................#.........o.............o..........o.#....o.........#......r.............................#...................##------------------------
----------------------##..............roo....#........o..............r..r......o..#...o..........#....ro..........................r...#...................##------------------------
----------------------##.................o...#.......o................o.o.....o...#..o...........#....o...........................o...#.....r.............##------------------------
----------------------##..................ooooooooooo..................o.....o....#.o............#...o.............................o..#.....o.............##------------------------
----------------------##.....................#......o...................o...o.....#.o............#...o............................o...#....o..............##------------------------
----------------------##.....................#......o....................o.o......#.o............#...r...........................r....#....o..............##------------------------
----------------------##.....................#......o.....................o.......#o.............#................................o...ooooooo.............##------------------------
----------------------##.....................#......o......................o......#o.............#.................................o.o#....o..............##------------------------
----------------------##.....................#......o.......................o.....#r.............#..................................o.#....o..............##------------------------
----------------------##.....................#......o........................o....#..............#.................................o..#....o..............##------------------------
----------------------##.....................#......o.........................o...#..............#................................o...#....o..............##------------------------
----------------------##.....................#......oo.........r.............o.o..#..............#...............................o....#....r..............##------------------------
----------------------##.....................#......o.o.......o.............r...oo#..............#..............................o.....#...................##------------------------
----------------------##.....................#......o..o.....o.............o.....o#..............#........................oooooo......#...................##------------------------
----------------------##.....................#######o###o###o#############o#######o..............########################o#############...................##------------------------
----------------------##.....................#######o####o#o#############o#########o.............#######################o##############...................##------------------------
----------------------##...........................oo.....o..............o..........o...............o..................o..................................##------------------------
----------------------##............................o....................o...........o.............oo.................o...................................##------------------------
----------------------##........................roooo....................o............o...........o..................o....................................##------------------------
----------------------##............................o....................o.............ooo.......o..................r.....................................##------------------------
----------------------##............................o....................r................o.....or..................o.....................................##------------------------
----------------------##............................o....................o.................o...o...................o......................................##------------------------
----------------------##............................o....................o..................o.o...................o.......................................##------------------------
----------------------##............................o....................o...................o...................o........................................##------------------------
----------------------##....rooooooooo..............o....................o..................o.o.................o.........................................##------------------------
----------------------##..............o.............o....................o.................r...o.......r.......o..........................................##------------------------
----------------------##...............o............o....................o.....................ro.....o.......o...........................................##------------------------
----------------------##................o..........o.o...................r.......................o...o.......o............................................##------------------------
----------------------###................o........o...o...........................................o.o.......o...........................................####------------------------
----------------------######..............o......o.....o.........................................o.o.......o....................................r.....######------------------------
----------------------########.............o....o.......o.......................................o...o.....o.....................................o...#######-------------------------
--------------------------#####.............o..o.........ooooooo...............................o.....o...o.....................................o...#####----------------------------
----------------------------####.............o.o........o.....o...............................o.......o.o.....................................o..####-------------------------------
------------------------------###.............oo........r.....o..............................r.........o.....................................o..####--------------------------------
-------------------------------###.............o..............o.........................................o...........r.......................o...###---------------------------------
--------------------------------###...........................r..........................................o.........o...........r...........o...###----------------------------------
---------------------------------###.........................o.o..........................................o.......o.............o.........o...###-----------------------------------
----------------------------------##................########o###o##########################################o#####o############...o.......o....##------------------------------------
----------------------------------###...............#######o#####o########################################o#o###o#############....o...o.o....##-------------------------------------
-----------------------------------##.....................o.......o......................................o...o.o...................o.o.o.....##-------------------------------------
------------------------------------##...................o.........o....................................o.....o.........r...........o.......##--------------------------------------
------------------------------------##..................o...........o..................................o.......o.........o...o.....o........##--------------------------------------
-------------------------------------##................o.............o................................o.........o.........o.o.o...o........##---------------------------------------
-------------------------------------##...............r...............o..............................o...........o.........o...o.o.........##---------------------------------------
-------------------------------------##................................o............................o.............o.......o.....o.........##----------------------------------------
--------------------------------------##................................o..........................o...............o..r..o......r.........##----------------------------------------
--------------------------------------##.................................o.......................ro.................o.o.o........o........##----------------------------------------
---------------------------------------#..................................or.....................o...................ooo..........o.......#-----------------------------------------
---------------------------------------##.......................................................o.....................o............o.....##-----------------------------------------
---------------------------------------##......................................................r...................................o.....##-----------------------------------------
---------------------------------------##.....................................................o.o..................................o.....##-----------------------------------------
---------------------------------------##..................................................r.o...o.................................r.....#------------------------------------------
----------------------------------------#...................................................o.....o......................................#------------------------------------------
----------------------------------------##.................................................oo......o....................................##------------------------------------------
----------------------------------------##.........................................................o....................................##------------------------------------------
----------------------------------------##.........................................................o....................................##------------------------------------------
----------------------------------------##.......................................................roo....................................##------------------------------------------
----------------------------------------##.........................................................o....................................##------------------------------------------
----------------------------------------##.........................................................o....................................##------------------------------------------
-----------------------------------------#.........................................................o....................................#-------------------------------------------
-----------------------------------------#.........................................................r....................................#-------------------------------------------
-----------------------------------------################################################################################################-------------------------------------------
-----------------------------------------################################################################################################-------------------------------------------
-----------------------------------------################################################################################################-------------------------------------------
------------------------------------------------------------------------------------------------------------------------------------------------------------------------------------
------------------------------------------------------------------------------------------------------------------------------------------------------------------------------------
------------------------------------------------------------------------------------------------------------------------------------------------------------------------------------
------------------------------------------------------------------------------------------------------------------------------------------------------------------------------------
------------------------------------------------------------------------------------------------------------------------------------------------------------------------------------
------------------------------------------------------------------------------------------------------------------------------------------------------------------------------------
------------------------------------------------------------------------------------------------------------------------------------------------------------------------------------
------------------------------------------------------------------------------------------------------------------------------------------------------------------------------------
------------------------------------------------------------------------------------------------------------------------------------------------------------------------------------
------------------------------------------------------------------------------------------------------------------------------------------------------------------------------------
------------------------------------------------------------------------------------------------------------------------------------------------------------------------------------
------------------------------------------------------------------------------------------------------------------------------------------------------------------------------------
------------------------------------------------------------------------------------------------------------------------------------------------------------------------------------
------------------------------------------------------------------------------------------------------------------------------------------------------------------------------------
------------------------------------------------------------------------------------------------------------------------------------------------------------------------------------
------------------------------------------------------------------------------------------------------------------------------------------------------------------------------------
------------------------------------------------------------------------------------------------------------------------------------------------------------------------------------
------------------------------------------------------------------------------------------------------------------------------------------------------------------------------------
------------------------------------------------------------------------------------------------------------------------------------------------------------------------------------
------------------------------------------------------------------------------------------------------------------------------------------------------------------------------------
------------------------------------------------------------------------------------------------------------------------------------------------------------------------------------
