5.765419960021973 1
21954654
240 180 10
1 100 29907
90 120
------------------------------------------------------------------------------------------------------------------------------------------------------------------------------------
------------------------------------------------------------------------------------------------------------------------------------------------------------------------------------
------------------------------------------------------------------------------------------------------------------------------------------------------------------------------------
------------------------------------------------------------------------------------------------------------------------------------------------------------------------------------
------------------------------------------------------------------------------------------------------------------------------------------------------------------------------------
------------------------------------------------------------------------------------------------------------------------------------------------------------------------------------
------------------------------------------------------------------------------------------------------------------------------------------------------------------------------------
------------------------------------------------------------------------------------------------------------------------------------------------------------------------------------
------------------------------------------------------------------------------------------------------------------------------------------------------------------------------------
------------------------------------------------------------------------------------------------------------------------------------------------------------------------------------
------------------------------------------------------------------------------------------------------------------------------------------------------------------------------------
------------------------------------------------------------------------------------------------------------------------------------------------------------------------------------
------------------------------------------------------------------------------------------------------------------------------------------------------------------------------------
------------------------------------------------------------------------------------------------------------------------------------------------------------------------------------
------------------------------------------------------------------------------------------------------------------------------------------------------------------------------------
------------------------------------------------------------------------------------------------------------------------------------------------------------------------------------
------------------------------------------------------------------------------------------------------------------------------------------------------------------------------------
------------------------------------------------------------------------------------------------------------------------------------------------------------------------------------
------------------------------------------------------------------------------------------------------------------------------------------------------------------------------------
------------------------------------------------------------------------------------------------------------------------------------------------------------------------------------
-----------------------------------------################################################################################################-------------------------------------------
-----------------------------------------################################################################################################-------------------------------------------
-----------------------------------------################################################################################################-------------------------------------------
-----------------------------------------#..............................................................................................#-------------------------------------------
-----------------------------------------#.............................................................oooooooor.............oooooooooor#-------------------------------------------
----------------------------------------##............................................................o.....................r...........##------------------------------------------
----------------------------------------##.............................r.............................o.o...................o............##------------------------------------------
----------------------------------------##.............................o............................o...o.................o.............##------------------------------------------
----------------------------------------##.............................o...........................r.....o...............o..............##------------------------------------------
----------------------------------------##.............................o..........................o.......o.............o...............##------------------------------------------
----------------------------------------##.............................o.........................o.........o...........o................##------------------------------------------
----------------------------------------#...................roooooooooooooooooooooor............o...........o.........o..................#------------------------------------------
---------------------------------------##..................o............o..........o...........o.............o.......o...................#------------------------------------------
---------------------------------------##..r..............o.............o...........o.........o...............o.....o....................##-----------------------------------------
---------------------------------------##..o.............o..............o............o.......o.................o...o.....................##-----------------------------------------
---------------------------------------#roo.o...........o...............o.............o.....o...................o.o......................##-----------------------------------------
--------------------------------------##.....o.........o................o..............o...o.....................o........................#-----------------------------------------
--------------------------------------##......o.......o.................o...............o.o......................r...........r............##----------------------------------------
--------------------------------------##.......o.....o..................r................o....................................o...........##----------------------------------------
-------------------------------------##.........o...o#o#################################o#o###################################.o.....ooor..##---------------------------------------
-------------------------------------##..........o.o###o###############################o###o##################################..o...o......##---------------------------------------
------------------------------------###...........o.....o.............................o.....o...r................................o.o.......##---------------------------------------
------------------------------------##...........o.......o...........................r.......o.o..................................o.........##--------------------------------------
------------------------------------##..........o.........o...................................o..................................o..........##--------------------------------------
-----------------------------------##..........o...........o...................................o................................o............##-------------------------------------
----------------------------------###.........o.............o...................................o..............................o.............###------------------------------------
---------------------------------###.........r...............o...................................o............................o...............##------------------------------------
---------------------------------##.........o................r....................................o..........................o................###-----------------------------------
--------------------------------###r.......o.......................................................o........................r..................###----------------------------------
-------------------------------###.o......o.o.......................................................o.......................o...................###---------------------------------
-----------------------------####.rooooooo...o..........................r..........................o.o........r............o.....................###--------------------------------
----------------------------####.o............o.........................o.........................o...o.......o...........o.......................####------------------------------
-------------------------######.o..............o........................o........................o.....o......o..........o...............r.........######---------------------------
----------------------########.o................o.......................o.......................o.......o.....o.........o................o.........ro#######------------------------
----------------------######..o..................o......................o......................r.........o....o........o................o.o..........r######------------------------
----------------------##.....o....................o.....................o..........r......................o...o.......o................o...o.........o...r##------------------------
----------------------##....o......................o....................o.........o........................o.o.o.....o................o.....o.........o.o.##------------------------
----------------------##....o.......................o...................o........o..........................o...o...o................o.......o.........o..##------------------------
----------------------##....r......................o.r..................o.......o..........................o.....o.o................o.........o.......o...##------------------------
----------------------##.....................#####o####################o#o#####o###..............#########o#######o################o###........o.....o....##------------------------
----------------------##.....................####o####################o###o###o####..............########o#########o##############o#o##.........o...o.....##------------------------
----------------------##...............rooooooo.o..................roo.....o.o....#..............#......o...........ooor..........r..o#..........o.o......##------------------------
----------------------##.....................#.r............................o.....#..............#.....o..............................o...........o.......##------------------------
----------------------##.....................#...............................o....#..............#r...o...............................#r.........o........##------------------------
----------------------##.....................#................................rooooooooooooooooooooooo................................#.........o.........##------------------------
----------------------##.....................#...............................o....#o.............#....o...............................#........o..........##------------------------
----------------------##.....................#..............................o.....#o.............#.....o..............................#.......o...........##------------------------
----------------------##.....................#.............................o......#o.............#......o.............................#......o.o..........##------------------------
----------------------##.....................#............................o.......#r.............#.....o.o............................#.....o...o.........##------------------------
----------------------##.....................#...........................o........#..............#....o...o...........................#....o.....o........##------------------------
----------------------##.....................#..........................o.........#..............#...o.....o..........................#...o.......o.......##------------------------
----------------------##.....................#.........................o..........#..............#..o.......o.........................#..o.........o......##------------------------
----------------------##..........roooooooooooooooooooooooooooooooooooo...........#..............#.o.........r........................#.o...........o.....##------------------------
----------------------##.....................#........o..............o.o..........#..............#o..........o........................#o.o...........o....##------------------------
----------------------##.....................#........o..............o..o.........#...........rooor..........o........................o...r...........o...##------------------------
----------------------##.....................#........o..............o...o........#..............#...........o.......................o#................o..##------------------------
----------------------##.....................#........o..............o....r.......#..............#...........o......................o.#................r..##------------------------
----------------------##.....................#........o..............o............#..............#...........o.....................o.o#...................##------------------------
----------------------##.....................#........o..............o............#..............#...........o....................o...o...................##------------------------
----------------------##.....................#........o..............o............#..............#...........o...................o....#o..................##------------------------
----------------------##.....................#........r..............o............#..............#............o.................or....#.o.................##------------------------
----------------------##.....................#.......................o............#..............#.............o...............o......#..o................##------------------------
----------------------##.....................#.......................o............#..............#..............o.............o.......#...o...............##------------------------
----------------------##.....................#.......................o............#..............#..............ro...........o........#....o..............##------------------------
----------------------##.....................#.......................o............#..............#..............o.o.........o.........#.....o.............##------------------------
----------------------##.....................#.......................o............#..............#.............o...o.......o..........#......o............##------------------------
----------------------##.....................#.......................o............#..............#............o.....o.....o...........#.......o...........##------------------------
----------------------##.....................#.......................r............#.......r......#...........o.......o...o............#........o..........##------------------------
----------------------##.....................#......................o...........roooooooooo......#..........o.........o.o.............#.........o.........##------------------------
----------------------##.....................#.....................o..............#........o.....#r........o...........o..............#.........r.........##------------------------
----------------------##.....................#....................o...............#.........o....#o.......o...........................#...................##------------------------
----------------------##.....................#...................o................#..........o...o.......o.o.............o............#...................##------------------------
----------------------##.............r.......#..................o.................#...........o.o#......o...o.............o...........#...................##------------------------
----------------------##..r..........o.......#.................o..................#............o.#.....o.....o.............o..........#...................##------------------------
----------------------##..o..........o.......#................o...................#.............o#....o......r..............o.........#...................##------------------------
----------------------##..o..........o.......#......rooooooooo....................#..............o...o.......................or.......#...................##------------------------
----------------------##..o..........o.......#................o...................#..............#o.o.o........................o......#...................##------------------------
----------------------##..o..........o.......#.................o..................#..............#.o...o........................o.....#...................##------------------------
----------------------##..o..........o.......#..................o.................#..............#o.....o........................o....#...................##------------------------
----------------------##..o..........o.......#...................o................#..............o.......o........................o...#...................##------------------------
----------------------##..o..........o.......#...................r................#.............o#........o........................oooor..................##------------------------
----------------------##..o...........o......#....................................#............o.o.........o.........................o#...................##------------------------
----------------------##..o............o.....#....................................#...........o..#r.........o........................o#...................##------------------------
----------------------##..o.............r....#...................................r#..........o...#.........o.o.......................o#...................##------------------------
----------------------##..o.............o....###################################o##.........o....#########o###o######################o#..............r....##------------------------
----------------------##..o............o.....##################################o###........o.....########o#####o#####################o#..............o....##------------------------
----------------------##.r............o..........r............................o...........o.............o.......o....................r..............o.....##------------------------
----------------------##.o...........o...........o...........................r...........o..............r........o.................................o......##------------------------
----------------------##.o..........o.............o..........r................o.........or........................o...............................o.......##------------------------
----------------------##.o.........o...............o.........o.................o.......o..o........................o.............................o........##------------------------
----------------------##.o........o.................o.......o...................o.....o....o........................o...........................o.........##------------------------
----------------------##.o.......o...................o.....o.....................o...o......o........................o.........................o..........##------------------------
----------------------##..o.....o.....................o...o.......................o.o........o........................o.......................o...........##------------------------
----------------------##...o...o.......................o.o.........................o..........o........................o.....................o............##------------------------
----------------------##....o.o.........................o.........................o............o.......................r....................o.............##------------------------
----------------------##.....o.........................o.........................o..............o.......................o..................o..............##------------------------
----------------------##......o.......................o.o.......................o................o.......................o................o...............##------------------------
----------------------##.......o................r....o...o.....................o..................o.......................o...........or.o................##------------------------
----------------------##........r...............o...o.....o...................o.o..................o.......................o.........o..o.................##------------------------
----------------------##........o..............o.o.o.......o............r....o...o................o.o.......................o.......o....o................##------------------------
----------------------##........o.............o...o.........r...........o...o.....o..............o...r.......................o.....o......oooooooooooor...##------------------------
----------------------##........o............o.....o.....................o.o.......r............o.....o.......................o...o........o...........o..##------------------------
----------------------##........o...........o.......o.....................o....................o.......o.......................o.o.........o............o.##------------------------
----------------------##........o..........o.########o###################o#########...........o..#######o#######################o######....o.............o##------------------------
----------------------##........o..........r.#########o#################o##########...........r..########o######################o######....o.............o##------------------------
----------------------##........o............########o#o###############o#o#########..............#########o#####################o######....o.............o##------------------------
----------------------##........o............#......o...o........r....o...o.......#..............#.........o....................o.....#....o.............o##------------------------
----------------------##........o............#.....o.....o.......o...o.....o.r....#..............#..........o...................o.....#....o.............o##------------------------
----------------------##........o............#....o.......o.......o.o.......o.....#..............#...........o..................o.....#....r.............o##------------------------
----------------------##........o............#...r.........o.......o.........o....#..............#...........o..................o.....#..................o##------------------------
----------------------##........o............#..............o.....o...........o...#..............#...........o..................o.....#..................o##------------------------
----------------------##........o............#...............o...o.............o..#..............#...........r..................r.....#..................r##------------------------
----------------------##........o............#................o.o...............o.#..............#....................................#...................##------------------------
----------------------##........o............#.................o.o...............o#..............#....................................#...................##------------------------
----------------------##........o............#................o...o...............o..............#....................................#...................##------------------------
----------------------##........o............#...............o.....o..............#o..r..........#....................................#...................##------------------------
----------------------##.........o...........#..............o.......o.............#.o.o..........#r...................................#...................##------------------------
----------------------##..........r..........#.............o.........o............#..o...........o....................................#...................##------------------------
----------------------##..........o..........#............o..........r............#...o.........o#....................................#...................##------------------------
----------------------##...........o.........#...........o........................#....o.......o.#....................................#...................##------------------------
----------------------##............o........#..........o.........................#...o.o.....o..#....................................or..................##------------------------
----------------------##.............o.......#.........o..........................#..o...o...o...#...................................o#...................##------------------------
----------------------##............o.o......#........or..........................#.o.....o.o....#..................................o.#...................##------------------------
----------------------##...........o...o.....#.......o..o.........................#o.......o.....#.................................r..#...................##------------------------
----------------------##..........o.....o....#......o....o........................o.........o....#.................................o..#...................##------------------------
----------------------##.........o.......o...#.....o......o......................o#..........o...#..................................o.#...................##------------------------
----------------------##........o.........o..#....o........o.....................r#...........o..#...................................o#...................##------------------------
----------------------##.......o...........o.#...o..........o.....................o............o.#....r...............................o...................##------------------------
----------------------##......o.............o#..o............o....................#o...........ro#....o................r..............#o..........r.......##------------------------
----------------------##.....r...............o.o..............o...................#.o............o...o.................o..............#.o.........o.......##------------------------
----------------------##.....................#o................o..................#.o............#o.o.................o...............#..o.......o........##------------------------
----------------------##................r....o..................o.................#.r............#.o.................o................#...o.....o.........##------------------------
----------------------##................o...o#...................o................#..............#..o...............o.................#....o...o..........##------------------------
----------------------##.................o.o.o...................r................#..............#...o.............o..................#.....o.o...........##------------------------
----------------------##..................o..#o...................................#..............#..o.o...........o................r..#......o............##------------------------
----------------------##.................o...#.r..................................#..............#.o...o.........o..................o.#.....o.............##------------------------
----------------------##................o....#....................................#..............#o.....o.......o....................o#....o..............##------------------------
----------------------##...............o.....#....................................#..............o.......o.....o......................o...o...............##------------------------
----------------------##..............o......#....................................#.............o#........o...o.......................#r.o................##------------------------
----------------------##.............o.o.....#....................................#.............r#.........o.o........................#.o.................##------------------------
----------------------##............o...o....#....................................#..............#........o.o.........................#o..................##------------------------
----------------------##...........o.....o...#....................................#..............#.......o...o........................o...................##------------------------
----------------------##..........r.......o..#....................................#r.............#......r.....o......................o#...................##------------------------
----------------------##...................o.#....................................o..............#.............o....................o.#...................##------------------------
----------------------##....................o#....ooooooooooooroooooooooooooor...o#..............#..............o..................o..#...................##------------------------
----------------------##.....................o...o............................o.o.#..............#...............o................r...#...................##------------------------
----------------------##.....................#o.o..............................o..#..............#................o...............o...#...........r.......##------------------------
----------------------##.....................#.r.o..............................o.#..............#.................or.............o...#..........o........##------------------------
----------------------##.....................#o...o..............................o#..............#..................o.............o...#.........o.........##------------------------
----------------------##.....................o#####o#############################o#..............##################o#o############o###or.......o..........##------------------------
----------------------##....................o#######o############################o#.............rooooo############o###o############o#o#.......o...........##------------------------
----------------------##...................o.......o.o...........................o....................o..........o.....or...........r........o............##------------------------
----------------------##..................o.......o...o..........................o.....................r........o.......o...........o.......o.............##------------------------
----------------------##.................o.......o.....o.........................o.....................o.......o.........o...........o.....o..............##------------------------
----------------------##................o........r......o........................r......................o.....o...........o...........o...o...............##------------------------
----------------------##...............o.................o...............................................o...o.............o...........o.o................##------------------------
----------------------##..............o...................o...............................................o.o...............o...........o.................##------------------------
----------------------##.............o.....................o...............................................o.................o.........o..................##------------------------
----------------------##............o.......................o.............................................o...................o.......o.o.................##------------------------
----------------------##rooooooooooo.........................o...........................................o.o...................o.....o...o................##------------------------
----------------------##...........r..........................o.........................................o...o...................o...o.....o.........ooor..##------------------------
----------------------##......................................r........................................o.....o...................o.o.......o.......o......##------------------------
----------------------##.....................................o........................................o.......o...................r.........o.....o.o.....##------------------------
----------------------###...................................o........................................o.........o.................o...........o...o...o..####------------------------
----------------------######...............................o...................................r....o...........o...............o.............o.o....r######------------------------
----------------------########............................o....................................o...o.............r.............o...............r....#######-------------------------
--------------------------#####..........................o......................................o.o...........................o....................#####----------------------------
----------------------------####........................o.........................r..............o...........................o...................####-------------------------------
------------------------------###......................o..........................o.............o...........................o.o.................####--------------------------------
-------------------------------###....................o............................o...........o...........................o...o................###---------------------------------
--------------------------------###..................o..............................o.........o...........................o.....o.............r###----------------------------------
---------------------------------###roo.............o................................o.......o...........................o.......o............o##-----------------------------------
----------------------------------##.o.o........r..o#o################################o#####o###########################o#####....o..........r##------------------------------------
----------------------------------###r..o.......o.o.##o################################o###o#o##########################o#####.....o........o##-------------------------------------
-----------------------------------##....o.......o.....o.................r.............ro.o...o.........................o...........o......or##-------------------------------------
------------------------------------##....o.....o.......o................o...............o.....o........................o............o....or##--------------------------------------
------------------------------------##.....o...o.........o................o.............o.......o.......................o.............o..o..##--------------------------------------
-------------------------------------##.....o.o...........o................o...........o.........o......................o.............r.o..##---------------------------------------
-------------------------------------##......o.............o................o.........o...........r.....................o..............o...##---------------------------------------
-------------------------------------##......o.............r.................o.......o..................................o..............o..##----------------------------------------
--------------------------------------##.....o................................o.....o...................................o..............o..##----------------------------------------
--------------------------------------##.....o.................................o...o....................................o..............o..##----------------------------------------
---------------------------------------#.....o..................................o.o..........................r..........o..............o..#-----------------------------------------
---------------------------------------##....o...................................o...........................o..........o..............o.##-----------------------------------------
---------------------------------------##roooo..................................o.............................o.........r..............o.##-----------------------------------------
---------------------------------------##....o..................................r..............................o.......o...............o.##-----------------------------------------
---------------------------------------##....o..................................................................o.....o................o.#------------------------------------------
----------------------------------------#....o...................................................................o...o.................o.#------------------------------------------
----------------------------------------##...o....................................................................o.o..................r##------------------------------------------
----------------------------------------##...o.....................................................................o.o..................##------------------------------------------
----------------------------------------##...o....................................................................o...o.................##------------------------------------------
----------------------------------------##...o...................................................................o.....o................##------------------------------------------
----------------------------------------##...r..................................................................o.......o...............##------------------------------------------
----------------------------------------##....o...........oooooooooor..........................................o.........o..............##------------------------------------------
-----------------------------------------#.....oooooooooor..................................................roo...........o.............#-------------------------------------------
-----------------------------------------#.......................................................roooooooooo..............r.............#-------------------------------------------
-----------------------------------------################################################################################################-------------------------------------------
-----------------------------------------################################################################################################-------------------------------------------
-----------------------------------------################################################################################################-------------------------------------------
------------------------------------------------------------------------------------------------------------------------------------------------------------------------------------
------------------------------------------------------------------------------------------------------------------------------------------------------------------------------------
------------------------------------------------------------------------------------------------------------------------------------------------------------------------------------
------------------------------------------------------------------------------------------------------------------------------------------------------------------------------------
------------------------------------------------------------------------------------------------------------------------------------------------------------------------------------
------------------------------------------------------------------------------------------------------------------------------------------------------------------------------------
------------------------------------------------------------------------------------------------------------------------------------------------------------------------------------
------------------------------------------------------------------------------------------------------------------------------------------------------------------------------------
------------------------------------------------------------------------------------------------------------------------------------------------------------------------------------
------------------------------------------------------------------------------------------------------------------------------------------------------------------------------------
------------------------------------------------------------------------------------------------------------------------------------------------------------------------------------
------------------------------------------------------------------------------------------------------------------------------------------------------------------------------------
------------------------------------------------------------------------------------------------------------------------------------------------------------------------------------
------------------------------------------------------------------------------------------------------------------------------------------------------------------------------------
------------------------------------------------------------------------------------------------------------------------------------------------------------------------------------
------------------------------------------------------------------------------------------------------------------------------------------------------------------------------------
------------------------------------------------------------------------------------------------------------------------------------------------------------------------------------
------------------------------------------------------------------------------------------------------------------------------------------------------------------------------------
------------------------------------------------------------------------------------------------------------------------------------------------------------------------------------
------------------------------------------------------------------------------------------------------------------------------------------------------------------------------------
------------------------------------------------------------------------------------------------------------------------------------------------------------------------------------
