61.820276975631714 921
21808042
240 180 10
1 100 29907
90 120
------------------------------------------------------------------------------------------------------------------------------------------------------------------------------------
------------------------------------------------------------------------------------------------------------------------------------------------------------------------------------
------------------------------------------------------------------------------------------------------------------------------------------------------------------------------------
------------------------------------------------------------------------------------------------------------------------------------------------------------------------------------
------------------------------------------------------------------------------------------------------------------------------------------------------------------------------------
------------------------------------------------------------------------------------------------------------------------------------------------------------------------------------
------------------------------------------------------------------------------------------------------------------------------------------------------------------------------------
------------------------------------------------------------------------------------------------------------------------------------------------------------------------------------
------------------------------------------------------------------------------------------------------------------------------------------------------------------------------------
------------------------------------------------------------------------------------------------------------------------------------------------------------------------------------
------------------------------------------------------------------------------------------------------------------------------------------------------------------------------------
------------------------------------------------------------------------------------------------------------------------------------------------------------------------------------
------------------------------------------------------------------------------------------------------------------------------------------------------------------------------------
------------------------------------------------------------------------------------------------------------------------------------------------------------------------------------
------------------------------------------------------------------------------------------------------------------------------------------------------------------------------------
------------------------------------------------------------------------------------------------------------------------------------------------------------------------------------
------------------------------------------------------------------------------------------------------------------------------------------------------------------------------------
------------------------------------------------------------------------------------------------------------------------------------------------------------------------------------
------------------------------------------------------------------------------------------------------------------------------------------------------------------------------------
------------------------------------------------------------------------------------------------------------------------------------------------------------------------------------
-----------------------------------------################################################################################################-------------------------------------------
-----------------------------------------################################################################################################-------------------------------------------
-----------------------------------------################################################################################################-------------------------------------------
-----------------------------------------#.........r..................................oo...............or.....r......ro.................#-------------------------------------------
-----------------------------------------#r..r.....o..................................o.................o.....o........o................#-------------------------------------------
----------------------------------------##o.r.r.....o..........r......................o........r........o.....o.........o...............##------------------------------------------
----------------------------------------##o..o.......o.........o......................o........o........o.....o..........r.....r........##------------------------------------------
----------------------------------------##o.o.........o........o.......r..............o........o........o.....r..........o.....o........##------------------------------------------
----------------------------------------##.o...........o.......o.......o..............o........o........o.....o...........o...o.........##------------------------------------------
----------------------------------------##..o...........o......o..r....o..............o........o........o..r..o............o.o..........##------------------------------------------
----------------------------------------##...o...........o..r..o..o....o........o.....o........o........o..o..o.............r...........##------------------------------------------
----------------------------------------#.....o...........o.o.rooooooooooooooooooooooooooooooooooooooooooooooo..............o............#------------------------------------------
---------------------------------------##......o...........o.o...........o......o.....o...........r...o.......o.............o............#------------------------------------------
---------------------------------------##.......r...........o............o......o.....o...............o........oo..........or.......r....##-----------------------------------------
---------------------------------------##........o.........o.............o......or....o...............o...r.....o.........o.........o....##-----------------------------------------
---------------------------------------#........o.o.......o..............o......o.....o...............ooor.......o.......r..........o....##-----------------------------------------
--------------------------------------##........r..o.....o.o.............o......o.....r...............o...........o.....o...........o.....#-----------------------------------------
--------------------------------------##............o..ro...r............r......oo....................r............o...o...........o......##----------------------------------------
--------------------------------------##.............o.o....o......ooooooo......o................roooo.o............o.o...........o.....or##----------------------------------------
-------------------------------------##.............##o#####o#####o######o######o#######################o############o########...o.o...o...##---------------------------------------
-------------------------------------##......r......#o######o#####o#############o#######################o#############o#######..o...o.o....##---------------------------------------
------------------------------------###......o......o.......o...ror.............o.......................o..............o.......o.....o.....##---------------------------------------
------------------------------------##.......o.....o........o......or...........o.......................o...............o.....o......o......##--------------------------------------
------------------------------------##........r...o..........o..................o.......................o................o...o.......ooor...##--------------------------------------
-----------------------------------##....r.....o.o.o..........o.................o.......................o...............o.o.o........o.......##-------------------------------------
----------------------------------###....o......o...o..........o................oo......................o..............o...o.........r.......###------------------------------------
---------------------------------###....o......o.....o........o.o..........oooooo.......................o.............o.....o.................##------------------------------------
---------------------------------##....o......o.......o.......r.r..........o....o.......................r............o......ro................###-----------------------------------
--------------------------------###...o......o........r..........o.........r....o...................................o.........o................###----------------------------------
-------------------------------###.....r....o....................o..............o...................................o..........o................###---------------------------------
-----------------------------####......o...o.....................r..............o..................................o............o................###--------------------------------
----------------------------####........o.o.o.....................o..............o.................................o.............o................####------------------------------
-------------------------######..........o...o.....................or.............o................................o..............o................######---------------------------
----------------------########..........o.....r....................................o.......rooor..................ro.............r.o................########------------------------
----------------------######...........o..........................................o.o.....o........................o..............o.o.................######------------------------
----------------------##..............o.o........................................o...o...o.......................................o...o....................##------------------------
----------------------##.............o.o.o.........................ro..........ro.....o.o.......................................o.o...o...................##------------------------
----------------------##............o.....o.......................o..o.........o.......o.......................................o..r....o..................##------------------------
----------------------##...........o.......o..................rooo....o.......o.........o.....................................o.........o.................##------------------------
----------------------##.....rooooo.........o##########################o#####o#####......o.......############################o#o#######..o................##------------------------
----------------------##..roo................o##########################o###o######......o.......###########################o###o######...o.......r.......##------------------------
----------------------##..o..................#o...ooor.................o.o.o......#......oo......#.........................o....ror...#....or....o........##------------------------
----------------------##..o..................#.o.r....................o...o.......#......o.o.....#........................o...........#.....o...o.........##------------------------
----------------------##..o..................#..o.....................r...........#.....ro.r.....#.......................o............#......o.o..........##------------------------
----------------------##..o..................#...o...................o............#......o.......#......................o.............#.......o...........##------------------------
----------------------##..o..................#..o....r..............o.............#......o.......#...................r.o..............#........o..........##------------------------
----------------------##..r..................#.o.....o...r.........o..............#......o.......#....................o.o.............#.........o.........##------------------------
----------------------##.....................#o.......o.o..........r..............#.....ro.......#...................o...r............#..........o.oooor..##------------------------
----------------------##.....................o.........o..........................#......o.......#............ror...o.....o...........#...........o.....o.##------------------------
----------------------##....................o#o.......o...........................#......oor.....#..............o...o......o..........#...........o.....r.##------------------------
----------------------##...................o.#.o.....r............................#.....ro.......#...............o.o.......o..........#...........o.......##------------------------
----------------------##..............r...o..#..o...o..............r..............#..roo.o.......#................o........o..........#...........o.......##------------------------
----------------------##.ro............o.o...#...o.o...............o..............#.o....o.......#...............o.........r..........#...........o.......##------------------------
----------------------##...o............o....#....r................o..............#o.....o.......#..............o...............r.....#...........o.......##------------------------
----------------------##....o..........o.....#.....o...............o..............#r.....o.......#r............o.................o....#...........ooor....##------------------------
----------------------##.....o........o.o....#.....o...............o..............#.....o........#o...........o...................o...#...........o.......##------------------------
----------------------##......o......o...o...#.....o..............o...............#....o.........#o..........r.....................o..#...........o.......##------------------------
----------------------##.......o....or...oo..#.....o........roooor................#...o..........#.o................................o.#...........o.......##------------------------
----------------------##........o..o.......o.#.....r.............o................#..o...........#..o.................r..............r#...........o.......##------------------------
----------------------##.........oo.........o#...................o................#.o............#...r................o.......r......o#...........o.......##------------------------
----------------------##..........o........or#...................o.............roooo.............#....o................o.....o.......o#...........o.......##------------------------
----------------------##..........o..........#...................o............o...#..............#...o.o................o...o........o#...........o.......##------------------------
----------------------##.........o...........#...................o............o...#..........r...#..o...o................o.o.........o#...........o......r##------------------------
----------------------##.........or..........#..........r........o.........rooo...#..........o...#.o.....o................o..........o#...........o......o##------------------------
----------------------##.........o...........#..........o........o..........o.o...#..........o...#.r......o..............or..........o#...........o.....o.##------------------------
----------------------##.........o...........#.......o.o.........o..........r.o...#..........r...#.........o.............o..........o.#..........o.o...o..##------------------------
----------------------##.........o...........#.......or..........o............oooooo.........o...#..........r.............o.oooooooooooooooooooor..oo.o...##------------------------
----------------------##.........o...........#.......o...........o..........r.o...#.o........o...#...........o.............o..o.......#.........o....o....##------------------------
----------------------##........o.o..........#.......o...........o........oooo....#..o.......o...#............o..........ro...o.......#.........o.....o...##------------------------
----------------------##.......o..ro.........#.......o...........o......ro........#...o......o...#.............o.........o....r.......#.........o......o..##------------------------
----------------------##......o..............#.......o...........o................#....o....o....#..............o.........o...........#.......roo.......r.##------------------------
----------------------##.....o...............#..r.....o..........o................#.....ooor.....#.............o.o.....or.r...........#.........o......o.o##------------------------
----------------------##....o................#...o.....o........ro................#.........o....#............o...o...o.o.............#.........o.....o..r##------------------------
----------------------##...o.................#....o...o.o........o................#.........o....#...........o.....o.o...o............#.........o....o....##------------------------
----------------------##..r..................#.....o.o...o.......o................#.........o....#..........o.o.....o...r.o...........#.........o....r....##------------------------
----------------------##.....................#......o.....o......o................#.........o....#..........r.r....o.......o..........#.roooooooo.........##------------------------
----------------------##.....................#.....o.......ooooooo................#.........r....#................o.........o.........#.........o.........##------------------------
----------------------##.....................#.....o......o......o.r..............#..............#................o..........o........#.........oo........##------------------------
----------------------##.....................#.....o.....o.......o.o.........o....#..............#................o...........o.......#.........o.........##------------------------
----------------------##.....................#.....r....o.o......oooooooooooor....#..............#................o.....r......o......#.........o.........##------------------------
----------------------##.....................#..........r..o.....o................#..............#................o.....o.....o.......#.........o.........##------------------------
----------------------##.....................#.............r.....o................#..............#................o......o...o........#.........o.........##------------------------
----------------------##.....................#...................o................#..............#..............roo.......r.o.........#.........o.........##------------------------
----------------------##.....................#...................o................#.r............#................o........o..........#.........o.........##------------------------
----------------------##....................r###################o##################..o...........#################o#######o############.........o....o....##------------------------
----------------------##.............rooo...o##################o###################...o..........#################o######o#############.........o...o.r...##------------------------
----------------------##.................o..o.................o........................o..........................o...rooo...........r..........o..or.....##------------------------
----------------------##..................o.o................o..........................o....o....................o.......o...or.....o..........r.o.......##------------------------
----------------------##...................roooo............o............................ooooo.................rooo........o.o.......o...........o........##------------------------
----------------------##...................r..o.ro.........o..........r....r............o....o....................o.........o........o..........r.o.......##------------------------
----------------------##.r....................r...o.......o...........o....o...........o.....o....................o.........r........o.............oooooor##------------------------
----------------------##.o.........................o.....o..........ro.o...o....roooooo.r....o....................o.........r.........o.oor.......o.......##------------------------
----------------------##..o.........................o...o...............o.rooooo.............o....................o....................r..........o.......##------------------------
----------------------##...o.........................o.o.................o...................o.r.......o.....o....o....................o..........o.......##------------------------
----------------------##....o.........................r..............rooo.o.................ooooooooooooooooooooooo...................oo..........o.......##------------------------
----------------------##.....o.roo....................o....................o...............o........o....o.o......o....................o..........r.......##------------------------
----------------------##......o...or..................o....................r..............o.........r......r......o....................o..................##------------------------
----------------------##.....o.....r.................o...................................o.o.........r............o..........ror.......o..................##------------------------
----------------------##....o......o................o...................................o...o.....................oooooooooor..........o..................##------------------------
----------------------##....o......o.............r.o...................................o.....o....................o..........o........o.o.................##------------------------
----------------------##....ror....o......r.......o....................................o......o...................o..........o........r..r................##------------------------
----------------------##...........o.......o.....o.o...................................o.......o..................o..........o.......r....o...............##------------------------
----------------------##...........o........o...o...r..............................roooo......r.............r.....o..........o.............o..............##------------------------
----------------------##..........r..........o#o#####o#############################....o.........###########o#####o##########o#########.....o.............##------------------------
----------------------##...........o.........#o#######o############################.....o.or.....###########o#####o##########o#########......o............##------------------------
----------------------##..........oooooooooooo#########o###########################......o.......###########o#####o##########o#########.....o.o....ro.....##------------------------
----------------------##r...................o#o.........or.........r..............#......o.......#..........r.....o......roooo........#....r...o..r..r....##------------------------
----------------------##o...................r#.o...................o..............#......o.......#..........o.....o..........r........#.........o.....o...##------------------------
----------------------##o....................#..o..............r..o...............#..r..o.o......#..........o.....o...................#..........o...o....##------------------------
----------------------##o....................#...o.............o.o................#..o.o...o.....#..........o.....o...................#...........o.o.....##------------------------
----------------------##o.r.r................#....o.............o.................#.r.o.....o....#.........r......o...roo.............#............o......##------------------------
----------------------##o.o.o................#...o.o...........o..................#..o.......r...#........ooooooooo......rr...........#.........r.o.......##------------------------
----------------------##.o.o.................#..o...o.........o...................#..............#.........r......o......o............#......o...o........##------------------------
----------------------##..o..................#.o.....o.......o....................#..............#................o......o............#..rooo.o.o.........##------------------------
----------------------##...o.................#o.......o.....o.....................#..............#................oooooooor...........#.o......o..........##------------------------
----------------------##....o................#o........o...o......................#..............#................o...................#o......r...........##------------------------
----------------------##.....r...............o.....r..o.o.o.......................#..............#................o...................o.......o...........##------------------------
----------------------##.....o..............o#......r..o.o...............r........#..............#................o..................o#.......o...........##------------------------
----------------------##.....o..............r#......o.o..o...............o........#..............#................o.................r.#.......o...........##------------------------
----------------------##.....or..............#.......o...o........r......o........#..............#................o................o..#.......o...........##------------------------
----------------------##..r..o...............#......o....o.......o.......o........#.rr...........#................o...............o...#.......o...........##------------------------
----------------------##..o..ooooooor........#.....o.r...o......r.........o.......#..o....o......#...........rooooo..............o....#......ro...........##------------------------
----------------------##..o..o.r.............#....o......o.......o.r.......oooooooooooooooo......#...........r....o.............o.....#.....o.o...........##------------------------
----------------------##...r.o..r............#...o.......o........o.......o.......#.......o......#................oo..........ro......#....o..oor.........##------------------------
----------------------##...o.o...............#..o........o.........roooooo........#.......o......#................o..........o........#....r..o...........##------------------------
----------------------##....r................#.o.........o........o.......o.......#.......oo.....#................o..........r........#.......o...........##------------------------
----------------------##....o................#o.r........o........r.......o.......#.......o......#................o...................#.......o...........##------------------------
----------------------##....o................#r..........o................o.......#.......o......#................o...................#.....roo...........##------------------------
----------------------##....o................o...........oo...............o.......#.......ooroooooooo.............o...................#....o..o...r.......##------------------------
----------------------##....o...............o#...........oo...............o.......#.......o......#...o.......r....o.................roooooo...o...o.....or##------------------------
----------------------##....o.............ro.#...........o................o.......#.......o......#....o.......o...o...................#.......o..o.....o.r##------------------------
----------------------##....o.............o..#...........o................o.......#.......o......#....or.......r..o...................#.......o.o.....o...##------------------------
----------------------##....o............o...#...........o................o.......#.......o......#....o........o..o...................#........o.....o....##------------------------
----------------------##....o...........o....#...........o...............ro..r....#.......o......#....r.........rro...................#.........o...o.....##------------------------
----------------------##....o..........o.....#...........or...............o..o....#.......o......#................o...................#.........ooor.o....##------------------------
----------------------##..roo..........r.....#...........o.......r........o..o....#.......o......#................o...................#.........o.....o...##------------------------
----------------------##....o...r.....o......#...........o.......o........oooooor.#.......o......#................ooooo...............#.........o......o..##------------------------
----------------------##....o...o.....o......#...........o.......o.......o.......ooor.....o......#................o....o..............#.........o.......r.##------------------------
----------------------##....o..o......r......#...........o.......o......o.......o.#.......r......#...r............o....o..............#.........o.........##------------------------
----------------------##....o.o..............#...........o........rooooo.......o..#.......o......#...o.......rooooo...o...............#.........o.........##------------------------
----------------------##.....r...............#...........o.......o.............r..#.......o......#...o........o...o...or.......r......#.........oor.......##------------------------
----------------------##.....o...............#...........o......r.................#.......o......#...oooor........o...r........o......#.........o.........##------------------------
----------------------##....o.o...........r..#...........o........................#.......o......#...o............or.........roo......#.........o.........##------------------------
----------------------##..ro...o..........o..#...........o........................#.......o......#...o............o............o......#.....r...o.........##------------------------
----------------------##........o.........o..#....r......o........................#.......o......#..o.............o............o......#.....o...o.........##------------------------
----------------------##.........o......roo..#...o.......o........................#.......o......#.o..............o..r........r.......#.....o...o.........##------------------------
----------------------##..........o.......o..#..o........o........................#.......o......#o.............roo..o.......o........#.....o...o.........##------------------------
----------------------##...........o.......o.#.o.........o........................#....r.o.o.....o................o..o......o.o.......#....oooooo...ror...##------------------------
----------------------##............o.......oor..........o.......................rooooooo...o...o#................ooor.....o..r.......#...o.....o...o.....##------------------------
----------------------##.............o.....r.############o#########################..........o.o.#################o#######o####o#######...o.....o...o.....##------------------------
----------------------##..............o...o.o############o#########################...........o..#################o######o######o######...r.....ooooooooor##------------------------
----------------------##...............o.o...r...........o.....................................o..................o.....o........oor....ro......o.........##------------------------
----------------------##................o................o....................................o.o.................o....o......................roo.........##------------------------
----------------------##......r........o.................oor............r....................o...o................oooor.........................o.........##------------------------
----------------------##......ooooooooo..................o..............o...................o.....o........r......o.............................o.........##------------------------
----------------------##.....or.....o..o.................o..........roooo...................o......o.......r......o............................o..........##------------------------
----------------------##....o.......r...o.r..............o...........o..oo..................r.......o.....o.......o...........................o...........##------------------------
----------------------##...o.............o...............o...........o..o............................o...o........o.......r......r...........o.o..........##------------------------
----------------------##..o.o.............o..............o...........r..oo............................o.o.o.......o.......o......o..........o...o.........##------------------------
----------------------##.o...o.............o.............o..............o..............................o..r.......o.......o......o.........o.....o........##------------------------
----------------------##o.....o.............o............o..............o...............................o.........ooooooooooooooooooooooooo.......o.......##------------------------
----------------------##r......o...........o.o...........o......o.......o..................o.............rooooooooo..o...o....o..o.....o...........o......##------------------------
----------------------##........r.........r...ooooooooooooooooooooooooooooooooooooooooooooooooooooooooooo......o..o..o...........r.....o............o.....##------------------------
----------------------###.....................o...............o...........o............o.o.........r..............o..r...........o.....o.............o..####------------------------
----------------------######..................o..............o.o..........o.......................................o..............o.....o.............r######------------------------
----------------------########................o.............o...o.........o.......................................o..............r.....o............#######-------------------------
--------------------------#####...............o............or....o........o.......................................o....................r...........#####----------------------------
----------------------------####..............o...........o.......o.......o....................r..................oor............................####-------------------------------
------------------------------###.............o..........o........ror.....ooooor...............o..................o.............................####--------------------------------
-------------------------------###............o........ro.........o.......o.....................o...r.............o.............................###---------------------------------
--------------------------------###...........o...................r.......o......................o..o.............o............................###----------------------------------
---------------------------------###..........o...........................o.......................roo.............oo..........................###-----------------------------------
----------------------------------##..........o.....######################o#########################o#############o###########................##------------------------------------
----------------------------------###.........o.....######################o#########################o#############o###########...............##-------------------------------------
-----------------------------------##.........o...........................oo........................o.............o..........................##-------------------------------------
------------------------------------##........o...........................o.........................o.............o.........................##--------------------------------------
------------------------------------##........o..........................ro.........................o.............o.....r...................##--------------------------------------
-------------------------------------##.......o...........................o.........................o.............o.....o..................##---------------------------------------
-------------------------------------##.......o...........................or........................o.............o.....o..........r.......##---------------------------------------
-------------------------------------##.......o...........................o.........................r.............o.....o..........o......##----------------------------------------
--------------------------------------##.......o........r......r..........o.........................o.............oo....o...........r.....##----------------------------------------
--------------------------------------##........o.......o......o.........ro..........................o......r.....o.....r...........o.....##----------------------------------------
---------------------------------------#.........o.....o........ro.....rooo...........................o.....o.....o.....o.....r.....o.....#-----------------------------------------
---------------------------------------##.........o...o.........o.........o............................o.....o....o....o......o.....o....##-----------------------------------------
---------------------------------------##........r.o.o..........o.........o.......................o.....o.....r...o...o......r......o....##-----------------------------------------
---------------------------------------##...........o...........o.........r..................roooo.o...o.o.....o.o.o.o.......o......o....##-----------------------------------------
---------------------------------------##...........o...........o..........o.......r................o.o...o.....o...o........o......o....#------------------------------------------
----------------------------------------#...........o....r.o.ooo............o.....o..................o.....o.o.o.....o.......o......o....#------------------------------------------
----------------------------------------##..........ooooooooo..............o.o...o..................o.......oro.......o......o.....o....##------------------------------------------
----------------------------------------##..........o.....ro...............r..o.o..................o.........o.........ooooooooooor.....##------------------------------------------
----------------------------------------##.................o..............o....o..................o.........o...........or.........o....##------------------------------------------
----------------------------------------##.................o.............o....................rooo..........o.............o........or...##------------------------------------------
----------------------------------------##.................o............o.o..................o...o..........o.............r........o....##------------------------------------------
----------------------------------------##.................o...........o...r................r...o...........o......................o....##------------------------------------------
-----------------------------------------#................oo..........o.........................r...........r......................r....#-------------------------------------------
-----------------------------------------#.................o........ro..................................................................#-------------------------------------------
-----------------------------------------################################################################################################-------------------------------------------
-----------------------------------------################################################################################################-------------------------------------------
-----------------------------------------################################################################################################-------------------------------------------
------------------------------------------------------------------------------------------------------------------------------------------------------------------------------------
------------------------------------------------------------------------------------------------------------------------------------------------------------------------------------
------------------------------------------------------------------------------------------------------------------------------------------------------------------------------------
------------------------------------------------------------------------------------------------------------------------------------------------------------------------------------
------------------------------------------------------------------------------------------------------------------------------------------------------------------------------------
------------------------------------------------------------------------------------------------------------------------------------------------------------------------------------
------------------------------------------------------------------------------------------------------------------------------------------------------------------------------------
------------------------------------------------------------------------------------------------------------------------------------------------------------------------------------
------------------------------------------------------------------------------------------------------------------------------------------------------------------------------------
------------------------------------------------------------------------------------------------------------------------------------------------------------------------------------
------------------------------------------------------------------------------------------------------------------------------------------------------------------------------------
------------------------------------------------------------------------------------------------------------------------------------------------------------------------------------
------------------------------------------------------------------------------------------------------------------------------------------------------------------------------------
------------------------------------------------------------------------------------------------------------------------------------------------------------------------------------
------------------------------------------------------------------------------------------------------------------------------------------------------------------------------------
------------------------------------------------------------------------------------------------------------------------------------------------------------------------------------
------------------------------------------------------------------------------------------------------------------------------------------------------------------------------------
------------------------------------------------------------------------------------------------------------------------------------------------------------------------------------
------------------------------------------------------------------------------------------------------------------------------------------------------------------------------------
------------------------------------------------------------------------------------------------------------------------------------------------------------------------------------
------------------------------------------------------------------------------------------------------------------------------------------------------------------------------------
