61.309693813323975 1061
43489296
240 180 10
1 100 29907
90 120
------------------------------------------------------------------------------------------------------------------------------------------------------------------------------------
------------------------------------------------------------------------------------------------------------------------------------------------------------------------------------
------------------------------------------------------------------------------------------------------------------------------------------------------------------------------------
------------------------------------------------------------------------------------------------------------------------------------------------------------------------------------
------------------------------------------------------------------------------------------------------------------------------------------------------------------------------------
------------------------------------------------------------------------------------------------------------------------------------------------------------------------------------
------------------------------------------------------------------------------------------------------------------------------------------------------------------------------------
------------------------------------------------------------------------------------------------------------------------------------------------------------------------------------
------------------------------------------------------------------------------------------------------------------------------------------------------------------------------------
------------------------------------------------------------------------------------------------------------------------------------------------------------------------------------
------------------------------------------------------------------------------------------------------------------------------------------------------------------------------------
------------------------------------------------------------------------------------------------------------------------------------------------------------------------------------
------------------------------------------------------------------------------------------------------------------------------------------------------------------------------------
------------------------------------------------------------------------------------------------------------------------------------------------------------------------------------
------------------------------------------------------------------------------------------------------------------------------------------------------------------------------------
------------------------------------------------------------------------------------------------------------------------------------------------------------------------------------
------------------------------------------------------------------------------------------------------------------------------------------------------------------------------------
------------------------------------------------------------------------------------------------------------------------------------------------------------------------------------
------------------------------------------------------------------------------------------------------------------------------------------------------------------------------------
------------------------------------------------------------------------------------------------------------------------------------------------------------------------------------
-----------------------------------------################################################################################################-------------------------------------------
-----------------------------------------################################################################################################-------------------------------------------
-----------------------------------------################################################################################################-------------------------------------------
-----------------------------------------#............r........................................ooor.....................................#-------------------------------------------
-----------------------------------------#............o........................r..............o....o.................................r..#-------------------------------------------
----------------------------------------##............o........................o.............o......oooooor..........r...............o..##------------------------------------------
----------------------------------------##...........ooooooooooooo..............o...........oo........o..............o...............o..##------------------------------------------
----------------------------------------##..........o...........o................o.....r...o..........oo.............o...............o..##------------------------------------------
----------------------------------------##.........o.............o................o.....o.o...........o..............o...............o..##------------------------------------------
----------------------------------------##........o.o.............o................o.....o............r..............o...............o..##------------------------------------------
----------------------------------------##.......r...o.............o................o...o..............o.............o...............o..##------------------------------------------
----------------------------------------#........o....o............o.................o.r................o...........o....r..........or...#------------------------------------------
---------------------------------------##........o.....o...........r..................o..................o..........oooooooooooooooo.o...#------------------------------------------
---------------------------------------##........o......o............................o....................o........oo.................o..##-----------------------------------------
---------------------------------------##........o.......o..........................o......................r........o..................o.##-----------------------------------------
---------------------------------------#.........o........rr.......................o................................o...................o##-----------------------------------------
--------------------------------------##.........o................................o.................................o....................o#-----------------------------------------
--------------------------------------##.........o.............................r.o..................................o....................r##----------------------------------------
--------------------------------------##.....r...o..............................o.................................ooo...................o.##----------------------------------------
-------------------------------------##.......o..o..###########################o#################################o##o#########.........o...##---------------------------------------
-------------------------------------##........o.o..##########################o#################################o###o#########........o....##---------------------------------------
------------------------------------###.........ro.....................oooooor..................................r...o................o.....##---------------------------------------
------------------------------------##..........oo.................ooor.............................................o................r......##--------------------------------------
------------------------------------##...........o................o....o............................................o.......................##--------------------------------------
-----------------------------------##............o.......r.......o......o..........................................o.........................##-------------------------------------
----------------------------------###............o.......o......o........o........................................o..........................###------------------------------------
---------------------------------###.............o.......o.....o..........o......................................o............................##------------------------------------
---------------------------------##..............ooooooooooooor...........o.....................................o.o...........................###-----------------------------------
--------------------------------###..............o...........o............o..........................r.........o...o...........................###----------------------------------
-------------------------------###...............r........................r..........................o........o.....o...........................###---------------------------------
-----------------------------####................o...................................................o.......o.......o...........................###--------------------------------
----------------------------####.........r.......o...................................................o.......o........o...........................####------------------------------
-------------------------######.........o........o....................................................o......o.........o...........................######---------------------------
----------------------########oor......o.........o.....................................................roooooo.........r............................########------------------------
----------------------######.o...o....o..........o...........................................................o........................................######------------------------
----------------------##....o.....o..o...........o.....................................r.....................o............................................##------------------------
----------------------##...o.......oo............o.............................o...rr..o.....................o............................o...............##------------------------
----------------------##..o......................o............................o.o.o...o.oor..................o............................ro..............##------------------------
----------------------##..o......................oo..........................o...o...o.......................o..............................o.............##------------------------
----------------------##..o..................####o##########################o#####o.o.........r..############o#########################....o.o............##------------------------
----------------------##..o..................###o#o########################o#######o..........o..############o#########################...o...o...........##------------------------
----------------------##..o..................#.o...o............r.........o.......#.o.........o..#...........o........................#.oo.....o..........##------------------------
----------------------##..o..................#o....r............o........o........#.o.........o..#...........o........................#..r.....oo.........##------------------------
----------------------##..o..................o.o................o.......o.........#o.ooor.....o..#...........o........................#..........o........##------------------------
----------------------##..o....r............o#..o................o.....o..........o...........o..#..........oo........................#.........o.........##------------------------
----------------------##..o....o...........o.#...o................o...r..........o#...........o..#...........o........................#........o.o........##------------------------
----------------------##..o....o..........o..#....o................r..o.........o.#...........o..#...........o........................#.......o...o.......##------------------------
----------------------##..o....o.........o.o.#.....o...............o.o.........o..#...........o..#...........o........................#......o.....o......##------------------------
----------------------##..ooooooooooooooo.o.r#......o...............o..........r..#...........o..#...........o........................#.....o.......o.....##------------------------
----------------------##..o........o....o....o.......o.............o..........o...#...........o..#...........oooooooo.................#....o........r.....##------------------------
----------------------##..o........rr.......o#........o...........o..........oo...#...........o..#...........o.....o..........r.......#...o.o.............##------------------------
----------------------##..o................r.#.........o.........o..........o.....#...........o..#..........ro......o..........o......#..o...o............##------------------------
----------------------##..o..................#..........o....r..o.o........r......#..........ooooooooooooooooo.....o.o..........o.....#.o.....o...........##------------------------
----------------------##..o..................#...........o...o.o...o..............#........ro....#...o.......o....o..o...........o....#o.......o..........##------------------------
----------------------##..o..................#............o...o....o..............#........o.....#...........o....r..o...........ro...o.o......o..........##------------------------
----------------------##..oo.................#.............o.o......o.............#.......o......#...........o.......o.............o.o#.r.......o.........##------------------------
----------------------##..o..................#..............o........o............#......o.......#...........o.......r..............o.o..........o........##------------------------
----------------------##..o..................#.............o.o........o....or.....#.....o........#...........o.....................o..#o..........o..r....##------------------------
----------------------##..o..................#............o...o........o..o.......#.....o........#...........o...................ro...#r...........o.o....##------------------------
----------------------##..o..................#...........o.....o......o.or........#.....o........#...........o...................o.o..#.............o.....##------------------------
----------------------##..o..................#........ror......o.....r............#....o.........#............o.................o...r.#............o.o....##------------------------
----------------------##..o..................#................o...................#...o..........#.............o...............o......#........r..o...o...##------------------------
----------------------##..o..................#................o...................#roo...........#............o.o.............o.......#........o.o.....o..##------------------------
----------------------##..o..................#................o...................#..............#...........o...or..........o........#.........o.......o.##------------------------
----------------------##..o..................#................o...................#..............#..........o.....o.........o.........#........o.........o##------------------------
----------------------##..o..................#................o...................#..............#.........o.......o.......o..........#.......o..........r##------------------------
----------------------##..o..................#................o...................#..............#........o.........o.....o...........#......o............##------------------------
----------------------##..oooor..............###...............o..................#..............#.......o...........o...o............##....o.............##------------------------
----------------------##..o..................#..................ooooor............#..............#......o.............o.o.............#....o..............##------------------------
----------------------##..o..................#....o...................o...........#..............#......r..............o..............#...o...............##------------------------
----------------------##..o..................#..ooo....................o..........#..............#....................................#..o................##------------------------
----------------------##..o.......r..........#...o.o....................o.........#..............#.....................o.o............#.o.................##------------------------
----------------------##..o.......o..........#......o....................r........#..............#....................o...o...........#.o.................##------------------------
----------------------##..o.......o..........#.......r............................#..........r...#...................o.....or.........#.r.................##------------------------
----------------------##..o........r.........#.......o.......r....................#..........o...#..................o.................#...................##------------------------
----------------------##..o........o.........#........o......o....................#..........o...#.................o..................#...........r.......##------------------------
----------------------##..o.......o..........#.........o.....o....................#..........o...#................o.o.................#............r......##------------------------
----------------------##...o.....o...........#..........o.....r...................#r.........o...#...............o...o................#............o......##------------------------
----------------------##....o...o............#...........o...o....................#o.........r...#..............o.....o...............#............o......##------------------------
----------------------##.....o.o.............#............o.o.....................#o.........o...#.............o.r.....o..............#.............o.....##------------------------
----------------------##......o..............#.............o......................#o..........o..#............o.........o.............#..............o....##------------------------
----------------------##.......o..........r..#..............or....................#o...........o.#...........o...........o............#...............o...##------------------------
----------------------##........o.........o..#.............o...........r..........#o............o#..........o.............o...........#...............o...##------------------------
----------------------##.........o.......o...#............o............o..........#.r............o.........o...............o..........#...............o...##------------------------
----------------------##..........r.....o....############o#o###########o###########.o............#o#######o#################o##########..............o....##------------------------
----------------------##.........o.o...o.....###########o###o##########o###########.o............##o#####o###################o#########.............r.....##------------------------
----------------------##........o...o.o................o.....o........o.............o.............r.o...o.....................o.....................o.....##------------------------
----------------------##.......o.....o................o.......o.....ro.o............o................o.o.......................o...................o......##------------------------
----------------------##......o.......o..............o.........o....o...o...........o.................o.........................o...........r.....o.......##------------------------
----------------------##.....o.........o............o...........o..r.....o..........o................o...........................o......r....o...o........##------------------------
----------------------##....o...........o..........o.............o.o......o.........o...............o.............................o.....o.....o.o.........##------------------------
----------------------##...o.............o........o...............o........o........o............r.o.o.............................o...o.......o..........##------------------------
----------------------##..o...............o......ro.........................o.......r.............o...o.............................o.o.......o...........##------------------------
----------------------##..r................o.....o..........................r........o...........o.....o.............................o.......o............##------------------------
----------------------##...o................o...o.....................................o.........o.......o.............................o.....o.............##------------------------
----------------------##....o................o.o.......................................o.......o.........o.............................o...o..............##------------------------
----------------------##.....o................o.........................................o.....o..........r..............................o.o...............##------------------------
----------------------##......oooor............o.........................................o...o............o............................o.o................##------------------------
----------------------##......o...............o.o.........................................o.o..............o........r.................o...o...............##------------------------
----------------------##......r..............o...oo........................................o................o.......o................o.....oooooooooor....##------------------------
----------------------##....................o.....o......................................oo..................o......o................o....................##------------------------
----------------------##...................o.......o.....................................o....................or...o.................r....................##------------------------
----------------------##..............or..o.........o........r..........................o......................ooor.......................................##------------------------
----------------------##...............o.o...########o#######o#####################....o.........######################################...................##------------------------
----------------------##................o....#########o#####o######################...o..........######################################...................##------------------------
----------------------##...............o.....##########o###o#######################..o...........######################################...................##------------------------
----------------------##..............o......#..........o.o.......................#.o.o..........#....................................#...................##------------------------
----------------------##.............o.......#...........o........................#o...o.........#....................................#...................##------------------------
----------------------##............o........#............o.......................o.....o........#....................................#...................##------------------------
----------------------##...........o.........#.............o.............r.......o#.....r........#....................................#...................##------------------------
----------------------##..........o..........#..............o.............o.....o.#..............#....................................#...................##------------------------
----------------------##.........o...........#...............o...........r.o...o.o#..............#....................................#...................##------------------------
----------------------##........o............#................o.............o.o...o..............#....................................#..........r........##------------------------
----------------------##.......o.............#.................o.............o....#o.............#....................................#..........o........##------------------------
----------------------##.......r.............#..................o...........o.....#.o............#....................................#..........o........##------------------------
----------------------##......o..............#...................o.........o......#..o...........#...........................r........#..........o........##------------------------
----------------------##.....o...............#..oor...............o.......o.......#...o..........#.......................roooo........#..........o........##------------------------
----------------------##....o................#.o...................o.....o........#..............#.....r......................o.......#..........o........##------------------------
----------------------##...o.................#o.....................o...o.........#..............#.....o.......................o......#..........o........##------------------------
----------------------##..o..................o.......................o.o..........#..............#.....o........................o.....#..........o........##------------------------
----------------------##.o..................r#........................o...........#..............#.....o.......r...............o.o....#.........oo........##------------------------
----------------------##.o..................o#.......................o............#..............#.....o.......o..............o...o...#........o..o.......##------------------------
----------------------##.o.................r.#...............r......o.o...........#..............#......o.....o..............o.....o..#.......o....o......##------------------------
----------------------##.o.................o.#...............o.....o...o..........#..............#.......or..o..............o.......o.#......o......o.....##------------------------
----------------------##.o.................o.#................o...o.....o.........#..............#........o.o..............o.........o#.....o........r....##------------------------
----------------------###o........r........o.#.................o.o.......o........#..............#.......o.o..............o...........o....o..............##------------------------
----------------------##.r.........o.......o.#..................o.........o.......#..............#......o...o.............r...........#r..o...............##------------------------
----------------------##..o.......o.o......o.#.................o.r.........o......#..............#.....o.....o........................#o.o................##------------------------
----------------------##..or.....o...o....o..#................o.............o.....#..............#....o.......o.......................#.o.................##------------------------
----------------------##.o......r.....o..o...#...............o...............o....#..............#...o.........o......................#o..................##------------------------
----------------------##.o.............oo....#..............o.................o...#..............#..r...........o.....................o...................##------------------------
----------------------##.o...............o...#.............o..................ro..#..............#...............o...................o#...................##------------------------
----------------------##.o................o..#............o.....................o.#..............#................o.................o.#...................##------------------------
----------------------##.o...............o.o.#...........o.......................o#..............#...............o.o...............o.o#...................##------------------------
----------------------##.o..............o...o#.......r..o.......................o.o..............#..............o...o.............o...o.r.................##------------------------
----------------------##.r.............r.....o.......o.o.......................o..#o.............#.............oo....o...........o....#o.o..r.............##------------------------
----------------------##..o..................#o.......o.......................o...#.o............#............o.......o.........o.....#...o.o.............##------------------------
----------------------##...o.................#.o.....o.......................o....#..o...........#...........o.........o.......o......#....o..............##------------------------
----------------------##....o................#..o...o...............rooro...o.....#...o..........#..........o...........or....o.......#.....o..........r..##------------------------
----------------------##.....o...............#...o.o.....................o.o......#..o.o.........#.........o.............o...o........#......r.........o..##------------------------
----------------------##......o..............#....o.......................oo......#.r...o........#........o...............o.o.........#................o..##------------------------
----------------------##.......oor...........#....o.......................o.......#......o.......#.......o.................o..........#................o..##------------------------
----------------------##..........ooor.......#....o...............................#.......o......#......o.o................o..........#................o..##------------------------
----------------------##.....................#....o...............................#........o.....#.....o...o...............o..........#................o..##------------------------
----------------------##.....................#....o...r...........................#.........o....#....o.....o..............o..........#................o..##------------------------
----------------------##.....................#...o.o.o............................#..........o...#...o.......o.............o..........#................o..##------------------------
----------------------##.....................#..o...o.............................#...........o..#..o.........o............r..........#.................r.##------------------------
----------------------##.....................#.o.....o............................#..........o.o.#.r...........o......................#.................o.##------------------------
----------------------##.....................#o.......o...........................#.........o...o#o.............r.....................#...........r....o..##------------------------
----------------------##.....................o#########o###########################........o.....o###############o#####################...........o.r.o...##------------------------
----------------------##....................o###########o##########################.......o......#o###############o####################...o........o.o....##------------------------
----------------------##...................o.............o................................o........o...............oooor.................o.o........o.....##------------------------
----------------------##..................o.o.............o....................roooooo..ro.or.......o...................ooor............o...o.......o.....##------------------------
----------------------##.................o...o.............o..........................o.o............o.................................o.....o.....o......##------------------------
----------------------##................or....o.............o..........................o..............o...............................o.......o...o.......##------------------------
----------------------##...............o.......o.............oo........................o...............o............................oo.........o.o........##------------------------
----------------------##..............o.........o............o.........................o................or...........................o..........o.o.......##------------------------
----------------------##.............o...........o...........o.........................o.................o............................o..........o..r.....##------------------------
----------------------##............o.............o..........o.........................o..................o...........................o...........o.o.....##------------------------
----------------------##...........o..............r..........o.........................o...................o..........................r............o......##------------------------
----------------------##..........o..........................o.........................o....................o.....................................o.......##------------------------
----------------------##.........o...........................o.........................or............r.......oo..................................o........##------------------------
----------------------##.rooooooo.............................o........................o.............o......o.o.................................o.........##------------------------
----------------------###......................................o..r....................o.............o.....o...o...............................o........####------------------------
----------------------######....................................o.o...................o.............roooo.o.....o.............................o.......######------------------------
----------------------########...................................o............r......o...................o.......o...........................o......#######-------------------------
--------------------------#####...................................o....r.......rooo.o.............................o.........................o......#####----------------------------
----------------------------####...................................o...o...........o..............................ro.......................o.....####-------------------------------
------------------------------###...................................o.o.............................................o.....................o.r...####--------------------------------
-------------------------------###...................................o...............................................o...................o......###---------------------------------
--------------------------------###...................................o...............................................o.................o......###----------------------------------
---------------------------------###........r..........................o...............................................o.rr............o......###-----------------------------------
----------------------------------##........o.......####################o#############################################o#o#####........o.......##------------------------------------
----------------------------------###.......o.......#####################o###########################################o###o####.......o.......##-------------------------------------
-----------------------------------##.......o.............................o.........................................o.....o.........o........##-------------------------------------
------------------------------------##.......r.............................o.......................................o.......o.......oo.......##--------------------------------------
------------------------------------##........o............................oor......................................o.......o.....o.........##--------------------------------------
-------------------------------------##........o...........................o...........................r.............r.......o...o.........##---------------------------------------
-------------------------------------##.........o..........................o............................o.............o.......ooo.o........##---------------------------------------
-------------------------------------##..........o.........................o.............................o.............o.......o...o......##----------------------------------------
--------------------------------------##........o.o........................o..............................o...........o.............o.....##----------------------------------------
--------------------------------------##.......o...o.......................o............r..................o.........o...............r....##----------------------------------------
---------------------------------------#......o.....o......................o.....r......o.................o.o.......o.................o...#-----------------------------------------
---------------------------------------##....o.......o.....................o....o.......o................o...o.....o...................o.##-----------------------------------------
---------------------------------------##...o.........o..r.................o...o.........o..............o.....o...o....................o.##-----------------------------------------
---------------------------------------##..o...........o.o..................o.o...........r............o.......o.o.....................o.##-----------------------------------------
---------------------------------------##.o.............o........r...........o............o...........o.........o......................o.#------------------------------------------
----------------------------------------#.o..............o....rooo............o...........o..........o.o........r......................o.#------------------------------------------
----------------------------------------##o...............o......o...........o.o.........o..........o...o..............................o##------------------------------------------
----------------------------------------##o...............o......o..........o...o.......o..........o....r..............................o##------------------------------------------
----------------------------------------##r...............o......o.........o.....o.....r...........r...................................r##------------------------------------------
----------------------------------------##...............oooooooooo.......o.......o...o...............................................o.##------------------------------------------
----------------------------------------##.....................r...o.....o.o.......o.o................................................r.##------------------------------------------
----------------------------------------##..........................o...o...o.......o...................................................##------------------------------------------
-----------------------------------------#...........................o.o.....r.......o..................................................#-------------------------------------------
-----------------------------------------#............................r..............r..................................................#-------------------------------------------
-----------------------------------------################################################################################################-------------------------------------------
-----------------------------------------################################################################################################-------------------------------------------
-----------------------------------------################################################################################################-------------------------------------------
------------------------------------------------------------------------------------------------------------------------------------------------------------------------------------
------------------------------------------------------------------------------------------------------------------------------------------------------------------------------------
------------------------------------------------------------------------------------------------------------------------------------------------------------------------------------
------------------------------------------------------------------------------------------------------------------------------------------------------------------------------------
------------------------------------------------------------------------------------------------------------------------------------------------------------------------------------
------------------------------------------------------------------------------------------------------------------------------------------------------------------------------------
------------------------------------------------------------------------------------------------------------------------------------------------------------------------------------
------------------------------------------------------------------------------------------------------------------------------------------------------------------------------------
------------------------------------------------------------------------------------------------------------------------------------------------------------------------------------
------------------------------------------------------------------------------------------------------------------------------------------------------------------------------------
------------------------------------------------------------------------------------------------------------------------------------------------------------------------------------
------------------------------------------------------------------------------------------------------------------------------------------------------------------------------------
------------------------------------------------------------------------------------------------------------------------------------------------------------------------------------
------------------------------------------------------------------------------------------------------------------------------------------------------------------------------------
------------------------------------------------------------------------------------------------------------------------------------------------------------------------------------
------------------------------------------------------------------------------------------------------------------------------------------------------------------------------------
------------------------------------------------------------------------------------------------------------------------------------------------------------------------------------
------------------------------------------------------------------------------------------------------------------------------------------------------------------------------------
------------------------------------------------------------------------------------------------------------------------------------------------------------------------------------
------------------------------------------------------------------------------------------------------------------------------------------------------------------------------------
------------------------------------------------------------------------------------------------------------------------------------------------------------------------------------
